Using pre-set license
Built from '2020.3/staging' branch; Version is '2020.3.33f1 (915a7af8b0d5) revision 9525882'; Using compiler version '192528614'; Build Type 'Release'
OS: 'Windows 11  (10.0.22000) 64bit Core' Language: 'en' Physical Memory: 15776 MB
BatchMode: 1, IsHumanControllingUs: 0, StartBugReporterOnCrash: 0, Is64bit: 1, IsPro: 0

COMMAND LINE ARGUMENTS:
C:\Program Files\Unity\Hub\Editor\2020.3.33f1\Editor\Unity.exe
-adb2
-batchMode
-noUpm
-name
AssetImportWorker0
-projectPath
C:/Delay the death
-logFile
Logs/AssetImportWorker0.log
-srvPort
61877
Successfully changed project path to: C:/Delay the death
C:/Delay the death
Using Asset Import Pipeline V2.
Refreshing native plugins compatible for Editor in 36.18 ms, found 2 plugins.
Preloading 0 native plugins for Editor in 0.00 ms.
Initialize engine version: 2020.3.33f1 (915a7af8b0d5)
[Subsystems] Discovering subsystems at path C:/Program Files/Unity/Hub/Editor/2020.3.33f1/Editor/Data/Resources/UnitySubsystems
[Subsystems] Discovering subsystems at path C:/Delay the death/Assets
GfxDevice: creating device client; threaded=0
Direct3D:
    Version:  Direct3D 11.0 [level 11.1]
    Renderer: NVIDIA GeForce RTX 3050 Ti Laptop GPU (ID=0x25a0)
    Vendor:   
    VRAM:     3990 MB
    Driver:   30.0.15.1295
Initialize mono
Mono path[0] = 'C:/Program Files/Unity/Hub/Editor/2020.3.33f1/Editor/Data/Managed'
Mono path[1] = 'C:/Program Files/Unity/Hub/Editor/2020.3.33f1/Editor/Data/MonoBleedingEdge/lib/mono/unityjit'
Mono config path = 'C:/Program Files/Unity/Hub/Editor/2020.3.33f1/Editor/Data/MonoBleedingEdge/etc'
Using monoOptions --debugger-agent=transport=dt_socket,embedding=1,server=y,suspend=n,address=127.0.0.1:56288
Begin MonoManager ReloadAssembly
Registering precompiled unity dll's ...
Register platform support module: C:/Program Files/Unity/Hub/Editor/2020.3.33f1/Editor/Data/PlaybackEngines/WebGLSupport/UnityEditor.WebGL.Extensions.dll
Register platform support module: C:/Program Files/Unity/Hub/Editor/2020.3.33f1/Editor/Data/PlaybackEngines/WindowsStandaloneSupport/UnityEditor.WindowsStandalone.Extensions.dll
Registered in 0.001802 seconds.
Native extension for WindowsStandalone target not found
Native extension for WebGL target not found
Refreshing native plugins compatible for Editor in 36.52 ms, found 2 plugins.
Preloading 0 native plugins for Editor in 0.00 ms.
Mono: successfully reloaded assembly
- Completed reload, in  0.515 seconds
Domain Reload Profiling:
	ReloadAssembly (515ms)
		BeginReloadAssembly (60ms)
			ExecutionOrderSort (0ms)
			DisableScriptedObjects (0ms)
			BackupInstance (0ms)
			ReleaseScriptingObjects (0ms)
			CreateAndSetChildDomain (1ms)
		EndReloadAssembly (390ms)
			LoadAssemblies (58ms)
			RebuildTransferFunctionScriptingTraits (0ms)
			SetupTypeCache (123ms)
			ReleaseScriptCaches (0ms)
			RebuildScriptCaches (24ms)
			SetupLoadedEditorAssemblies (150ms)
				LogAssemblyErrors (0ms)
				InitializePlatformSupportModulesInManaged (5ms)
				SetLoadedEditorAssemblies (0ms)
				RefreshPlugins (37ms)
				BeforeProcessingInitializeOnLoad (13ms)
				ProcessInitializeOnLoadAttributes (73ms)
				ProcessInitializeOnLoadMethodAttributes (23ms)
				AfterProcessingInitializeOnLoad (0ms)
				EditorAssembliesLoaded (0ms)
			ExecutionOrderSort2 (0ms)
			AwakeInstancesAfterBackupRestoration (0ms)
Platform modules already initialized, skipping
Registering precompiled user dll's ...
Registered in 0.002704 seconds.
Begin MonoManager ReloadAssembly
Native extension for WindowsStandalone target not found
Native extension for WebGL target not found
Refreshing native plugins compatible for Editor in 34.69 ms, found 2 plugins.
Preloading 0 native plugins for Editor in 0.00 ms.
Mono: successfully reloaded assembly
- Completed reload, in  0.982 seconds
Domain Reload Profiling:
	ReloadAssembly (983ms)
		BeginReloadAssembly (127ms)
			ExecutionOrderSort (0ms)
			DisableScriptedObjects (4ms)
			BackupInstance (0ms)
			ReleaseScriptingObjects (0ms)
			CreateAndSetChildDomain (18ms)
		EndReloadAssembly (805ms)
			LoadAssemblies (86ms)
			RebuildTransferFunctionScriptingTraits (0ms)
			SetupTypeCache (239ms)
			ReleaseScriptCaches (0ms)
			RebuildScriptCaches (38ms)
			SetupLoadedEditorAssemblies (354ms)
				LogAssemblyErrors (0ms)
				InitializePlatformSupportModulesInManaged (4ms)
				SetLoadedEditorAssemblies (0ms)
				RefreshPlugins (35ms)
				BeforeProcessingInitializeOnLoad (63ms)
				ProcessInitializeOnLoadAttributes (226ms)
				ProcessInitializeOnLoadMethodAttributes (20ms)
				AfterProcessingInitializeOnLoad (4ms)
				EditorAssembliesLoaded (0ms)
			ExecutionOrderSort2 (0ms)
			AwakeInstancesAfterBackupRestoration (5ms)
Platform modules already initialized, skipping
========================================================================
Worker process is ready to serve import requests
Launched and connected shader compiler UnityShaderCompiler.exe after 0.04 seconds
Refreshing native plugins compatible for Editor in 0.43 ms, found 2 plugins.
Preloading 0 native plugins for Editor in 0.00 ms.
Unloading 2014 Unused Serialized files (Serialized files now loaded: 0)
System memory in use before: 161.8 MB.
System memory in use after: 161.9 MB.

Unloading 21 unused Assets to reduce memory usage. Loaded Objects now: 2454.
Total: 2.956100 ms (FindLiveObjects: 0.129300 ms CreateObjectMapping: 0.053100 ms MarkObjects: 2.710700 ms  DeleteObjects: 0.062200 ms)

AssetImportParameters requested are different than current active one (requested -> active):
  custom:framework-win-MediaFoundation: 216162199b28c13a410421893ffa2e32 -> 
  custom:video-decoder-ogg-theora: a1e56fd34408186e4bbccfd4996cb3dc -> 
  custom:container-muxer-webm: aa71ff27fc2769a1b78a27578f13a17b -> 
  custom:container-demuxer-webm: 4f35f7cbe854078d1ac9338744f61a02 -> 
  custom:container-demuxer-ogg: 62fdf1f143b41e24485cea50d1cbac27 -> 
  custom:video-encoder-webm-vp8: eb34c28f22e8b96e1ab97ce403110664 -> 
  custom:video-codec-MediaFoundation-h265: 746d11721c4dcdbdad8f713fa42b33f4 -> 
  custom:video-decoder-webm-vp8: 9c59270c3fd7afecdb556c50c9e8de78 -> 
  custom:audio-decoder-ogg-vorbis: bf7c407c2cedff20999df2af8eb42d56 -> 
  custom:audio-encoder-webm-vorbis: bf7c407c2cedff20999df2af8eb42d56 -> 
========================================================================
Received Import Request.
  path: Assets/StarterAssets/InputSystem/StarterAssets.inputsettings.asset
  artifactKey: Guid(9e7be553448fa2546aea5752021cbcf7) Importer(815301076,1909f56bfc062723c751e8b465ee728b)
Start importing Assets/StarterAssets/InputSystem/StarterAssets.inputsettings.asset using Guid(9e7be553448fa2546aea5752021cbcf7) Importer(815301076,1909f56bfc062723c751e8b465ee728b)  -> (artifact id: '18ec0b87a628fbde8e44cb8f4fc22b57') in 0.044591 seconds 
========================================================================
Received Import Request.
  Time since last request: 0.000135 seconds.
  path: Assets/StarterAssets/InputSystem/StarterAssets.inputactions
  artifactKey: Guid(4419d82f33d36e848b3ed5af4c8da37e) Importer(815301076,1909f56bfc062723c751e8b465ee728b)
Start importing Assets/StarterAssets/InputSystem/StarterAssets.inputactions using Guid(4419d82f33d36e848b3ed5af4c8da37e) Importer(815301076,1909f56bfc062723c751e8b465ee728b)  -> (artifact id: '8fef1e2c007fb6f9c026a39d179eab83') in 0.013423 seconds 
========================================================================
Received Import Request.
  Time since last request: 41.234258 seconds.
  path: Assets/Scripts/PlayerMovement.cs
  artifactKey: Guid(43034aba4ce4e9d45ac456035e559946) Importer(815301076,1909f56bfc062723c751e8b465ee728b)
Start importing Assets/Scripts/PlayerMovement.cs using Guid(43034aba4ce4e9d45ac456035e559946) Importer(815301076,1909f56bfc062723c751e8b465ee728b)  -> (artifact id: '26791ffdc23f660c6e121f10358051e1') in 0.009680 seconds 
========================================================================
Received Prepare
Registering precompiled user dll's ...
Registered in 0.002581 seconds.
Begin MonoManager ReloadAssembly
Native extension for WindowsStandalone target not found
Native extension for WebGL target not found
Refreshing native plugins compatible for Editor in 0.43 ms, found 2 plugins.
Preloading 0 native plugins for Editor in 0.00 ms.
Mono: successfully reloaded assembly
- Completed reload, in  0.987 seconds
Domain Reload Profiling:
	ReloadAssembly (988ms)
		BeginReloadAssembly (125ms)
			ExecutionOrderSort (0ms)
			DisableScriptedObjects (4ms)
			BackupInstance (0ms)
			ReleaseScriptingObjects (0ms)
			CreateAndSetChildDomain (37ms)
		EndReloadAssembly (803ms)
			LoadAssemblies (99ms)
			RebuildTransferFunctionScriptingTraits (0ms)
			SetupTypeCache (301ms)
			ReleaseScriptCaches (1ms)
			RebuildScriptCaches (44ms)
			SetupLoadedEditorAssemblies (292ms)
				LogAssemblyErrors (0ms)
				InitializePlatformSupportModulesInManaged (4ms)
				SetLoadedEditorAssemblies (0ms)
				RefreshPlugins (0ms)
				BeforeProcessingInitializeOnLoad (59ms)
				ProcessInitializeOnLoadAttributes (206ms)
				ProcessInitializeOnLoadMethodAttributes (17ms)
				AfterProcessingInitializeOnLoad (4ms)
				EditorAssembliesLoaded (0ms)
			ExecutionOrderSort2 (0ms)
			AwakeInstancesAfterBackupRestoration (6ms)
Platform modules already initialized, skipping
Refreshing native plugins compatible for Editor in 0.50 ms, found 2 plugins.
Preloading 0 native plugins for Editor in 0.00 ms.
Unloading 2004 Unused Serialized files (Serialized files now loaded: 0)
System memory in use before: 161.6 MB.
System memory in use after: 161.7 MB.

Unloading 14 unused Assets to reduce memory usage. Loaded Objects now: 2457.
Total: 2.783400 ms (FindLiveObjects: 0.148100 ms CreateObjectMapping: 0.070500 ms MarkObjects: 2.541400 ms  DeleteObjects: 0.022700 ms)

AssetImportParameters requested are different than current active one (requested -> active):
  custom:framework-win-MediaFoundation: 216162199b28c13a410421893ffa2e32 -> 
  custom:video-decoder-ogg-theora: a1e56fd34408186e4bbccfd4996cb3dc -> 
  custom:container-muxer-webm: aa71ff27fc2769a1b78a27578f13a17b -> 
  custom:container-demuxer-webm: 4f35f7cbe854078d1ac9338744f61a02 -> 
  custom:container-demuxer-ogg: 62fdf1f143b41e24485cea50d1cbac27 -> 
  custom:video-encoder-webm-vp8: eb34c28f22e8b96e1ab97ce403110664 -> 
  custom:video-codec-MediaFoundation-h265: 746d11721c4dcdbdad8f713fa42b33f4 -> 
  custom:video-decoder-webm-vp8: 9c59270c3fd7afecdb556c50c9e8de78 -> 
  custom:audio-decoder-ogg-vorbis: bf7c407c2cedff20999df2af8eb42d56 -> 
  custom:audio-encoder-webm-vorbis: bf7c407c2cedff20999df2af8eb42d56 -> 
========================================================================
Received Import Request.
  Time since last request: 219.322754 seconds.
  path: Assets/Scripts/PlayerMovement.cs
  artifactKey: Guid(43034aba4ce4e9d45ac456035e559946) Importer(815301076,1909f56bfc062723c751e8b465ee728b)
Start importing Assets/Scripts/PlayerMovement.cs using Guid(43034aba4ce4e9d45ac456035e559946) Importer(815301076,1909f56bfc062723c751e8b465ee728b)  -> (artifact id: '4fd7192d4e2c98e4cc0a8750c9c1a07b') in 0.005996 seconds 
========================================================================
Received Prepare
Registering precompiled user dll's ...
Registered in 0.003458 seconds.
Begin MonoManager ReloadAssembly
Native extension for WindowsStandalone target not found
Native extension for WebGL target not found
Refreshing native plugins compatible for Editor in 0.68 ms, found 2 plugins.
Preloading 0 native plugins for Editor in 0.00 ms.
Mono: successfully reloaded assembly
- Completed reload, in  1.108 seconds
Domain Reload Profiling:
	ReloadAssembly (1109ms)
		BeginReloadAssembly (129ms)
			ExecutionOrderSort (0ms)
			DisableScriptedObjects (5ms)
			BackupInstance (0ms)
			ReleaseScriptingObjects (0ms)
			CreateAndSetChildDomain (45ms)
		EndReloadAssembly (911ms)
			LoadAssemblies (103ms)
			RebuildTransferFunctionScriptingTraits (0ms)
			SetupTypeCache (305ms)
			ReleaseScriptCaches (1ms)
			RebuildScriptCaches (43ms)
			SetupLoadedEditorAssemblies (370ms)
				LogAssemblyErrors (0ms)
				InitializePlatformSupportModulesInManaged (6ms)
				SetLoadedEditorAssemblies (1ms)
				RefreshPlugins (1ms)
				BeforeProcessingInitializeOnLoad (74ms)
				ProcessInitializeOnLoadAttributes (260ms)
				ProcessInitializeOnLoadMethodAttributes (23ms)
				AfterProcessingInitializeOnLoad (5ms)
				EditorAssembliesLoaded (1ms)
			ExecutionOrderSort2 (0ms)
			AwakeInstancesAfterBackupRestoration (7ms)
Platform modules already initialized, skipping
Refreshing native plugins compatible for Editor in 0.54 ms, found 2 plugins.
Preloading 0 native plugins for Editor in 0.00 ms.
Unloading 2004 Unused Serialized files (Serialized files now loaded: 0)
System memory in use before: 161.6 MB.
System memory in use after: 161.7 MB.

Unloading 14 unused Assets to reduce memory usage. Loaded Objects now: 2460.
Total: 3.680400 ms (FindLiveObjects: 0.182700 ms CreateObjectMapping: 0.085000 ms MarkObjects: 3.381800 ms  DeleteObjects: 0.029700 ms)

AssetImportParameters requested are different than current active one (requested -> active):
  custom:framework-win-MediaFoundation: 216162199b28c13a410421893ffa2e32 -> 
  custom:video-decoder-ogg-theora: a1e56fd34408186e4bbccfd4996cb3dc -> 
  custom:container-muxer-webm: aa71ff27fc2769a1b78a27578f13a17b -> 
  custom:container-demuxer-webm: 4f35f7cbe854078d1ac9338744f61a02 -> 
  custom:container-demuxer-ogg: 62fdf1f143b41e24485cea50d1cbac27 -> 
  custom:video-encoder-webm-vp8: eb34c28f22e8b96e1ab97ce403110664 -> 
  custom:video-codec-MediaFoundation-h265: 746d11721c4dcdbdad8f713fa42b33f4 -> 
  custom:video-decoder-webm-vp8: 9c59270c3fd7afecdb556c50c9e8de78 -> 
  custom:audio-decoder-ogg-vorbis: bf7c407c2cedff20999df2af8eb42d56 -> 
  custom:audio-encoder-webm-vorbis: bf7c407c2cedff20999df2af8eb42d56 -> 
========================================================================
Received Prepare
Registering precompiled user dll's ...
Registered in 0.003400 seconds.
Begin MonoManager ReloadAssembly
Native extension for WindowsStandalone target not found
Native extension for WebGL target not found
Refreshing native plugins compatible for Editor in 0.56 ms, found 2 plugins.
Preloading 0 native plugins for Editor in 0.00 ms.
Mono: successfully reloaded assembly
- Completed reload, in  0.874 seconds
Domain Reload Profiling:
	ReloadAssembly (874ms)
		BeginReloadAssembly (104ms)
			ExecutionOrderSort (0ms)
			DisableScriptedObjects (4ms)
			BackupInstance (0ms)
			ReleaseScriptingObjects (0ms)
			CreateAndSetChildDomain (32ms)
		EndReloadAssembly (718ms)
			LoadAssemblies (88ms)
			RebuildTransferFunctionScriptingTraits (0ms)
			SetupTypeCache (220ms)
			ReleaseScriptCaches (1ms)
			RebuildScriptCaches (31ms)
			SetupLoadedEditorAssemblies (305ms)
				LogAssemblyErrors (0ms)
				InitializePlatformSupportModulesInManaged (4ms)
				SetLoadedEditorAssemblies (0ms)
				RefreshPlugins (1ms)
				BeforeProcessingInitializeOnLoad (62ms)
				ProcessInitializeOnLoadAttributes (216ms)
				ProcessInitializeOnLoadMethodAttributes (16ms)
				AfterProcessingInitializeOnLoad (4ms)
				EditorAssembliesLoaded (0ms)
			ExecutionOrderSort2 (0ms)
			AwakeInstancesAfterBackupRestoration (5ms)
Platform modules already initialized, skipping
Refreshing native plugins compatible for Editor in 0.42 ms, found 2 plugins.
Preloading 0 native plugins for Editor in 0.00 ms.
Unloading 2004 Unused Serialized files (Serialized files now loaded: 0)
System memory in use before: 161.6 MB.
System memory in use after: 161.7 MB.

Unloading 14 unused Assets to reduce memory usage. Loaded Objects now: 2463.
Total: 3.569900 ms (FindLiveObjects: 0.184800 ms CreateObjectMapping: 0.086200 ms MarkObjects: 3.272500 ms  DeleteObjects: 0.025500 ms)

AssetImportParameters requested are different than current active one (requested -> active):
  custom:framework-win-MediaFoundation: 216162199b28c13a410421893ffa2e32 -> 
  custom:video-decoder-ogg-theora: a1e56fd34408186e4bbccfd4996cb3dc -> 
  custom:container-muxer-webm: aa71ff27fc2769a1b78a27578f13a17b -> 
  custom:container-demuxer-webm: 4f35f7cbe854078d1ac9338744f61a02 -> 
  custom:container-demuxer-ogg: 62fdf1f143b41e24485cea50d1cbac27 -> 
  custom:video-encoder-webm-vp8: eb34c28f22e8b96e1ab97ce403110664 -> 
  custom:video-codec-MediaFoundation-h265: 746d11721c4dcdbdad8f713fa42b33f4 -> 
  custom:video-decoder-webm-vp8: 9c59270c3fd7afecdb556c50c9e8de78 -> 
  custom:audio-decoder-ogg-vorbis: bf7c407c2cedff20999df2af8eb42d56 -> 
  custom:audio-encoder-webm-vorbis: bf7c407c2cedff20999df2af8eb42d56 -> 
========================================================================
Received Import Request.
  Time since last request: 4019.004214 seconds.
  path: Assets/Scripts/Pickup2.cs
  artifactKey: Guid(55ca02f1e77e0304fa0cce2366130dfc) Importer(815301076,1909f56bfc062723c751e8b465ee728b)
Start importing Assets/Scripts/Pickup2.cs using Guid(55ca02f1e77e0304fa0cce2366130dfc) Importer(815301076,1909f56bfc062723c751e8b465ee728b)  -> (artifact id: '81a7a692d62c5fbf3147adeec7c84389') in 0.011853 seconds 
========================================================================
Received Prepare
Registering precompiled user dll's ...
Registered in 0.002566 seconds.
Begin MonoManager ReloadAssembly
Native extension for WindowsStandalone target not found
Native extension for WebGL target not found
Refreshing native plugins compatible for Editor in 0.45 ms, found 2 plugins.
Preloading 0 native plugins for Editor in 0.00 ms.
Mono: successfully reloaded assembly
- Completed reload, in  0.825 seconds
Domain Reload Profiling:
	ReloadAssembly (826ms)
		BeginReloadAssembly (101ms)
			ExecutionOrderSort (0ms)
			DisableScriptedObjects (4ms)
			BackupInstance (0ms)
			ReleaseScriptingObjects (0ms)
			CreateAndSetChildDomain (32ms)
		EndReloadAssembly (677ms)
			LoadAssemblies (78ms)
			RebuildTransferFunctionScriptingTraits (0ms)
			SetupTypeCache (216ms)
			ReleaseScriptCaches (1ms)
			RebuildScriptCaches (29ms)
			SetupLoadedEditorAssemblies (286ms)
				LogAssemblyErrors (0ms)
				InitializePlatformSupportModulesInManaged (4ms)
				SetLoadedEditorAssemblies (0ms)
				RefreshPlugins (0ms)
				BeforeProcessingInitializeOnLoad (58ms)
				ProcessInitializeOnLoadAttributes (202ms)
				ProcessInitializeOnLoadMethodAttributes (16ms)
				AfterProcessingInitializeOnLoad (4ms)
				EditorAssembliesLoaded (0ms)
			ExecutionOrderSort2 (0ms)
			AwakeInstancesAfterBackupRestoration (5ms)
Platform modules already initialized, skipping
Refreshing native plugins compatible for Editor in 0.45 ms, found 2 plugins.
Preloading 0 native plugins for Editor in 0.00 ms.
Unloading 2005 Unused Serialized files (Serialized files now loaded: 0)
System memory in use before: 161.7 MB.
System memory in use after: 161.8 MB.

Unloading 14 unused Assets to reduce memory usage. Loaded Objects now: 2467.
Total: 3.005500 ms (FindLiveObjects: 0.223300 ms CreateObjectMapping: 0.072000 ms MarkObjects: 2.682600 ms  DeleteObjects: 0.026600 ms)

AssetImportParameters requested are different than current active one (requested -> active):
  custom:framework-win-MediaFoundation: 216162199b28c13a410421893ffa2e32 -> 
  custom:video-decoder-ogg-theora: a1e56fd34408186e4bbccfd4996cb3dc -> 
  custom:container-muxer-webm: aa71ff27fc2769a1b78a27578f13a17b -> 
  custom:container-demuxer-webm: 4f35f7cbe854078d1ac9338744f61a02 -> 
  custom:container-demuxer-ogg: 62fdf1f143b41e24485cea50d1cbac27 -> 
  custom:video-encoder-webm-vp8: eb34c28f22e8b96e1ab97ce403110664 -> 
  custom:video-codec-MediaFoundation-h265: 746d11721c4dcdbdad8f713fa42b33f4 -> 
  custom:video-decoder-webm-vp8: 9c59270c3fd7afecdb556c50c9e8de78 -> 
  custom:audio-decoder-ogg-vorbis: bf7c407c2cedff20999df2af8eb42d56 -> 
  custom:audio-encoder-webm-vorbis: bf7c407c2cedff20999df2af8eb42d56 -> 
========================================================================
Received Prepare
Registering precompiled user dll's ...
Registered in 0.002845 seconds.
Begin MonoManager ReloadAssembly
Native extension for WindowsStandalone target not found
Native extension for WebGL target not found
Refreshing native plugins compatible for Editor in 0.44 ms, found 2 plugins.
Preloading 0 native plugins for Editor in 0.00 ms.
Mono: successfully reloaded assembly
- Completed reload, in  0.845 seconds
Domain Reload Profiling:
	ReloadAssembly (846ms)
		BeginReloadAssembly (107ms)
			ExecutionOrderSort (0ms)
			DisableScriptedObjects (4ms)
			BackupInstance (0ms)
			ReleaseScriptingObjects (0ms)
			CreateAndSetChildDomain (32ms)
		EndReloadAssembly (684ms)
			LoadAssemblies (91ms)
			RebuildTransferFunctionScriptingTraits (0ms)
			SetupTypeCache (223ms)
			ReleaseScriptCaches (1ms)
			RebuildScriptCaches (32ms)
			SetupLoadedEditorAssemblies (274ms)
				LogAssemblyErrors (0ms)
				InitializePlatformSupportModulesInManaged (4ms)
				SetLoadedEditorAssemblies (0ms)
				RefreshPlugins (0ms)
				BeforeProcessingInitializeOnLoad (56ms)
				ProcessInitializeOnLoadAttributes (192ms)
				ProcessInitializeOnLoadMethodAttributes (17ms)
				AfterProcessingInitializeOnLoad (4ms)
				EditorAssembliesLoaded (0ms)
			ExecutionOrderSort2 (0ms)
			AwakeInstancesAfterBackupRestoration (5ms)
Platform modules already initialized, skipping
Refreshing native plugins compatible for Editor in 0.42 ms, found 2 plugins.
Preloading 0 native plugins for Editor in 0.00 ms.
Unloading 2005 Unused Serialized files (Serialized files now loaded: 0)
System memory in use before: 161.7 MB.
System memory in use after: 161.8 MB.

Unloading 14 unused Assets to reduce memory usage. Loaded Objects now: 2470.
Total: 2.532400 ms (FindLiveObjects: 0.144600 ms CreateObjectMapping: 0.048300 ms MarkObjects: 2.319300 ms  DeleteObjects: 0.019500 ms)

AssetImportParameters requested are different than current active one (requested -> active):
  custom:framework-win-MediaFoundation: 216162199b28c13a410421893ffa2e32 -> 
  custom:video-decoder-ogg-theora: a1e56fd34408186e4bbccfd4996cb3dc -> 
  custom:container-muxer-webm: aa71ff27fc2769a1b78a27578f13a17b -> 
  custom:container-demuxer-webm: 4f35f7cbe854078d1ac9338744f61a02 -> 
  custom:container-demuxer-ogg: 62fdf1f143b41e24485cea50d1cbac27 -> 
  custom:video-encoder-webm-vp8: eb34c28f22e8b96e1ab97ce403110664 -> 
  custom:video-codec-MediaFoundation-h265: 746d11721c4dcdbdad8f713fa42b33f4 -> 
  custom:video-decoder-webm-vp8: 9c59270c3fd7afecdb556c50c9e8de78 -> 
  custom:audio-decoder-ogg-vorbis: bf7c407c2cedff20999df2af8eb42d56 -> 
  custom:audio-encoder-webm-vorbis: bf7c407c2cedff20999df2af8eb42d56 -> 
========================================================================
Received Import Request.
  Time since last request: 1100.283386 seconds.
  path: Assets/Scripts/Target.cs
  artifactKey: Guid(a7f964d719ecc7f4e9971021b8be9beb) Importer(815301076,1909f56bfc062723c751e8b465ee728b)
Start importing Assets/Scripts/Target.cs using Guid(a7f964d719ecc7f4e9971021b8be9beb) Importer(815301076,1909f56bfc062723c751e8b465ee728b)  -> (artifact id: '7ca7b8b5de413d2fb62acda51b994388') in 0.009293 seconds 
========================================================================
Received Prepare
Registering precompiled user dll's ...
Registered in 0.003566 seconds.
Begin MonoManager ReloadAssembly
Native extension for WindowsStandalone target not found
Native extension for WebGL target not found
Refreshing native plugins compatible for Editor in 0.43 ms, found 2 plugins.
Preloading 0 native plugins for Editor in 0.00 ms.
Mono: successfully reloaded assembly
- Completed reload, in  0.825 seconds
Domain Reload Profiling:
	ReloadAssembly (825ms)
		BeginReloadAssembly (102ms)
			ExecutionOrderSort (0ms)
			DisableScriptedObjects (3ms)
			BackupInstance (0ms)
			ReleaseScriptingObjects (0ms)
			CreateAndSetChildDomain (30ms)
		EndReloadAssembly (671ms)
			LoadAssemblies (82ms)
			RebuildTransferFunctionScriptingTraits (0ms)
			SetupTypeCache (205ms)
			ReleaseScriptCaches (1ms)
			RebuildScriptCaches (29ms)
			SetupLoadedEditorAssemblies (291ms)
				LogAssemblyErrors (0ms)
				InitializePlatformSupportModulesInManaged (4ms)
				SetLoadedEditorAssemblies (0ms)
				RefreshPlugins (0ms)
				BeforeProcessingInitializeOnLoad (58ms)
				ProcessInitializeOnLoadAttributes (207ms)
				ProcessInitializeOnLoadMethodAttributes (17ms)
				AfterProcessingInitializeOnLoad (4ms)
				EditorAssembliesLoaded (0ms)
			ExecutionOrderSort2 (0ms)
			AwakeInstancesAfterBackupRestoration (5ms)
Platform modules already initialized, skipping
Refreshing native plugins compatible for Editor in 0.42 ms, found 2 plugins.
Preloading 0 native plugins for Editor in 0.00 ms.
Unloading 2006 Unused Serialized files (Serialized files now loaded: 0)
System memory in use before: 161.7 MB.
System memory in use after: 161.8 MB.

Unloading 14 unused Assets to reduce memory usage. Loaded Objects now: 2474.
Total: 2.989400 ms (FindLiveObjects: 0.158100 ms CreateObjectMapping: 0.094600 ms MarkObjects: 2.713800 ms  DeleteObjects: 0.022000 ms)

AssetImportParameters requested are different than current active one (requested -> active):
  custom:framework-win-MediaFoundation: 216162199b28c13a410421893ffa2e32 -> 
  custom:video-decoder-ogg-theora: a1e56fd34408186e4bbccfd4996cb3dc -> 
  custom:container-muxer-webm: aa71ff27fc2769a1b78a27578f13a17b -> 
  custom:container-demuxer-webm: 4f35f7cbe854078d1ac9338744f61a02 -> 
  custom:container-demuxer-ogg: 62fdf1f143b41e24485cea50d1cbac27 -> 
  custom:video-encoder-webm-vp8: eb34c28f22e8b96e1ab97ce403110664 -> 
  custom:video-codec-MediaFoundation-h265: 746d11721c4dcdbdad8f713fa42b33f4 -> 
  custom:video-decoder-webm-vp8: 9c59270c3fd7afecdb556c50c9e8de78 -> 
  custom:audio-decoder-ogg-vorbis: bf7c407c2cedff20999df2af8eb42d56 -> 
  custom:audio-encoder-webm-vorbis: bf7c407c2cedff20999df2af8eb42d56 -> 
========================================================================
Received Prepare
Registering precompiled user dll's ...
Registered in 0.002784 seconds.
Begin MonoManager ReloadAssembly
Native extension for WindowsStandalone target not found
Native extension for WebGL target not found
Refreshing native plugins compatible for Editor in 0.49 ms, found 2 plugins.
Preloading 0 native plugins for Editor in 0.00 ms.
Mono: successfully reloaded assembly
- Completed reload, in  0.858 seconds
Domain Reload Profiling:
	ReloadAssembly (858ms)
		BeginReloadAssembly (105ms)
			ExecutionOrderSort (0ms)
			DisableScriptedObjects (3ms)
			BackupInstance (0ms)
			ReleaseScriptingObjects (0ms)
			CreateAndSetChildDomain (35ms)
		EndReloadAssembly (700ms)
			LoadAssemblies (85ms)
			RebuildTransferFunctionScriptingTraits (0ms)
			SetupTypeCache (224ms)
			ReleaseScriptCaches (1ms)
			RebuildScriptCaches (33ms)
			SetupLoadedEditorAssemblies (283ms)
				LogAssemblyErrors (0ms)
				InitializePlatformSupportModulesInManaged (4ms)
				SetLoadedEditorAssemblies (0ms)
				RefreshPlugins (1ms)
				BeforeProcessingInitializeOnLoad (57ms)
				ProcessInitializeOnLoadAttributes (199ms)
				ProcessInitializeOnLoadMethodAttributes (17ms)
				AfterProcessingInitializeOnLoad (4ms)
				EditorAssembliesLoaded (0ms)
			ExecutionOrderSort2 (0ms)
			AwakeInstancesAfterBackupRestoration (5ms)
Platform modules already initialized, skipping
Refreshing native plugins compatible for Editor in 0.72 ms, found 2 plugins.
Preloading 0 native plugins for Editor in 0.00 ms.
Unloading 2006 Unused Serialized files (Serialized files now loaded: 0)
System memory in use before: 161.7 MB.
System memory in use after: 161.8 MB.

Unloading 14 unused Assets to reduce memory usage. Loaded Objects now: 2477.
Total: 2.836200 ms (FindLiveObjects: 0.161800 ms CreateObjectMapping: 0.073900 ms MarkObjects: 2.581300 ms  DeleteObjects: 0.018400 ms)

AssetImportParameters requested are different than current active one (requested -> active):
  custom:framework-win-MediaFoundation: 216162199b28c13a410421893ffa2e32 -> 
  custom:video-decoder-ogg-theora: a1e56fd34408186e4bbccfd4996cb3dc -> 
  custom:container-muxer-webm: aa71ff27fc2769a1b78a27578f13a17b -> 
  custom:container-demuxer-webm: 4f35f7cbe854078d1ac9338744f61a02 -> 
  custom:container-demuxer-ogg: 62fdf1f143b41e24485cea50d1cbac27 -> 
  custom:video-encoder-webm-vp8: eb34c28f22e8b96e1ab97ce403110664 -> 
  custom:video-codec-MediaFoundation-h265: 746d11721c4dcdbdad8f713fa42b33f4 -> 
  custom:video-decoder-webm-vp8: 9c59270c3fd7afecdb556c50c9e8de78 -> 
  custom:audio-decoder-ogg-vorbis: bf7c407c2cedff20999df2af8eb42d56 -> 
  custom:audio-encoder-webm-vorbis: bf7c407c2cedff20999df2af8eb42d56 -> 
========================================================================
Received Prepare
Registering precompiled user dll's ...
Registered in 0.002580 seconds.
Begin MonoManager ReloadAssembly
Native extension for WindowsStandalone target not found
Native extension for WebGL target not found
Refreshing native plugins compatible for Editor in 0.44 ms, found 2 plugins.
Preloading 0 native plugins for Editor in 0.00 ms.
Mono: successfully reloaded assembly
- Completed reload, in  0.903 seconds
Domain Reload Profiling:
	ReloadAssembly (903ms)
		BeginReloadAssembly (119ms)
			ExecutionOrderSort (0ms)
			DisableScriptedObjects (4ms)
			BackupInstance (0ms)
			ReleaseScriptingObjects (0ms)
			CreateAndSetChildDomain (35ms)
		EndReloadAssembly (724ms)
			LoadAssemblies (99ms)
			RebuildTransferFunctionScriptingTraits (0ms)
			SetupTypeCache (250ms)
			ReleaseScriptCaches (1ms)
			RebuildScriptCaches (33ms)
			SetupLoadedEditorAssemblies (283ms)
				LogAssemblyErrors (0ms)
				InitializePlatformSupportModulesInManaged (4ms)
				SetLoadedEditorAssemblies (0ms)
				RefreshPlugins (0ms)
				BeforeProcessingInitializeOnLoad (60ms)
				ProcessInitializeOnLoadAttributes (196ms)
				ProcessInitializeOnLoadMethodAttributes (16ms)
				AfterProcessingInitializeOnLoad (4ms)
				EditorAssembliesLoaded (0ms)
			ExecutionOrderSort2 (0ms)
			AwakeInstancesAfterBackupRestoration (5ms)
Platform modules already initialized, skipping
Refreshing native plugins compatible for Editor in 0.47 ms, found 2 plugins.
Preloading 0 native plugins for Editor in 0.00 ms.
Unloading 2006 Unused Serialized files (Serialized files now loaded: 0)
System memory in use before: 161.7 MB.
System memory in use after: 161.8 MB.

Unloading 14 unused Assets to reduce memory usage. Loaded Objects now: 2480.
Total: 2.735300 ms (FindLiveObjects: 0.161000 ms CreateObjectMapping: 0.049900 ms MarkObjects: 2.505000 ms  DeleteObjects: 0.018700 ms)

AssetImportParameters requested are different than current active one (requested -> active):
  custom:framework-win-MediaFoundation: 216162199b28c13a410421893ffa2e32 -> 
  custom:video-decoder-ogg-theora: a1e56fd34408186e4bbccfd4996cb3dc -> 
  custom:container-muxer-webm: aa71ff27fc2769a1b78a27578f13a17b -> 
  custom:container-demuxer-webm: 4f35f7cbe854078d1ac9338744f61a02 -> 
  custom:container-demuxer-ogg: 62fdf1f143b41e24485cea50d1cbac27 -> 
  custom:video-encoder-webm-vp8: eb34c28f22e8b96e1ab97ce403110664 -> 
  custom:video-codec-MediaFoundation-h265: 746d11721c4dcdbdad8f713fa42b33f4 -> 
  custom:video-decoder-webm-vp8: 9c59270c3fd7afecdb556c50c9e8de78 -> 
  custom:audio-decoder-ogg-vorbis: bf7c407c2cedff20999df2af8eb42d56 -> 
  custom:audio-encoder-webm-vorbis: bf7c407c2cedff20999df2af8eb42d56 -> 
========================================================================
Received Import Request.
  Time since last request: 244.703437 seconds.
  path: Assets/Scripts/Target.cs
  artifactKey: Guid(a7f964d719ecc7f4e9971021b8be9beb) Importer(815301076,1909f56bfc062723c751e8b465ee728b)
Start importing Assets/Scripts/Target.cs using Guid(a7f964d719ecc7f4e9971021b8be9beb) Importer(815301076,1909f56bfc062723c751e8b465ee728b)  -> (artifact id: 'e1e5ecf2975cc274ca14c02f5a2ed6b6') in 0.004989 seconds 
========================================================================
Received Prepare
Registering precompiled user dll's ...
Registered in 0.002555 seconds.
Begin MonoManager ReloadAssembly
Native extension for WindowsStandalone target not found
Native extension for WebGL target not found
Refreshing native plugins compatible for Editor in 0.48 ms, found 2 plugins.
Preloading 0 native plugins for Editor in 0.00 ms.
Mono: successfully reloaded assembly
- Completed reload, in  0.814 seconds
Domain Reload Profiling:
	ReloadAssembly (815ms)
		BeginReloadAssembly (98ms)
			ExecutionOrderSort (0ms)
			DisableScriptedObjects (4ms)
			BackupInstance (0ms)
			ReleaseScriptingObjects (0ms)
			CreateAndSetChildDomain (29ms)
		EndReloadAssembly (669ms)
			LoadAssemblies (82ms)
			RebuildTransferFunctionScriptingTraits (0ms)
			SetupTypeCache (206ms)
			ReleaseScriptCaches (1ms)
			RebuildScriptCaches (31ms)
			SetupLoadedEditorAssemblies (278ms)
				LogAssemblyErrors (0ms)
				InitializePlatformSupportModulesInManaged (4ms)
				SetLoadedEditorAssemblies (0ms)
				RefreshPlugins (1ms)
				BeforeProcessingInitializeOnLoad (56ms)
				ProcessInitializeOnLoadAttributes (195ms)
				ProcessInitializeOnLoadMethodAttributes (17ms)
				AfterProcessingInitializeOnLoad (4ms)
				EditorAssembliesLoaded (0ms)
			ExecutionOrderSort2 (0ms)
			AwakeInstancesAfterBackupRestoration (5ms)
Platform modules already initialized, skipping
Refreshing native plugins compatible for Editor in 0.44 ms, found 2 plugins.
Preloading 0 native plugins for Editor in 0.00 ms.
Unloading 2006 Unused Serialized files (Serialized files now loaded: 0)
System memory in use before: 161.7 MB.
System memory in use after: 161.8 MB.

Unloading 14 unused Assets to reduce memory usage. Loaded Objects now: 2483.
Total: 2.928900 ms (FindLiveObjects: 0.144100 ms CreateObjectMapping: 0.054800 ms MarkObjects: 2.707200 ms  DeleteObjects: 0.022100 ms)

AssetImportParameters requested are different than current active one (requested -> active):
  custom:framework-win-MediaFoundation: 216162199b28c13a410421893ffa2e32 -> 
  custom:video-decoder-ogg-theora: a1e56fd34408186e4bbccfd4996cb3dc -> 
  custom:container-muxer-webm: aa71ff27fc2769a1b78a27578f13a17b -> 
  custom:container-demuxer-webm: 4f35f7cbe854078d1ac9338744f61a02 -> 
  custom:container-demuxer-ogg: 62fdf1f143b41e24485cea50d1cbac27 -> 
  custom:video-encoder-webm-vp8: eb34c28f22e8b96e1ab97ce403110664 -> 
  custom:video-codec-MediaFoundation-h265: 746d11721c4dcdbdad8f713fa42b33f4 -> 
  custom:video-decoder-webm-vp8: 9c59270c3fd7afecdb556c50c9e8de78 -> 
  custom:audio-decoder-ogg-vorbis: bf7c407c2cedff20999df2af8eb42d56 -> 
  custom:audio-encoder-webm-vorbis: bf7c407c2cedff20999df2af8eb42d56 -> 
========================================================================
Received Import Request.
  Time since last request: 939.384384 seconds.
  path: Assets/StarterAssets/Environment
  artifactKey: Guid(8d8da06649314d7498296c53b4a0a77a) Importer(815301076,1909f56bfc062723c751e8b465ee728b)
Start importing Assets/StarterAssets/Environment using Guid(8d8da06649314d7498296c53b4a0a77a) Importer(815301076,1909f56bfc062723c751e8b465ee728b)  -> (artifact id: '6c3cefb7cdd29f01e00116932c9ccb25') in 0.009385 seconds 
========================================================================
Received Import Request.
  Time since last request: 1.165178 seconds.
  path: Assets/StarterAssets/Environment/Prefabs
  artifactKey: Guid(93bb3603ed019014a98e7c62df54135e) Importer(815301076,1909f56bfc062723c751e8b465ee728b)
Start importing Assets/StarterAssets/Environment/Prefabs using Guid(93bb3603ed019014a98e7c62df54135e) Importer(815301076,1909f56bfc062723c751e8b465ee728b)  -> (artifact id: '9ce7094f4bdb1ad44e660b5781a7a032') in 0.005747 seconds 
========================================================================
Received Import Request.
  Time since last request: 0.100645 seconds.
  path: Assets/StarterAssets/Environment/Prefabs/Box_100x100x100_Prefab.prefab
  artifactKey: Guid(e5f4daf24146ee040b5a2d7a73b30aa0) Importer(815301076,1909f56bfc062723c751e8b465ee728b)
Start importing Assets/StarterAssets/Environment/Prefabs/Box_100x100x100_Prefab.prefab using Guid(e5f4daf24146ee040b5a2d7a73b30aa0) Importer(815301076,1909f56bfc062723c751e8b465ee728b)  -> (artifact id: '65ed81a97a4978ff027738463e385e34') in 0.263833 seconds 
========================================================================
Received Import Request.
  Time since last request: 0.000193 seconds.
  path: Assets/StarterAssets/Environment/Prefabs/Environment_Prefab.prefab
  artifactKey: Guid(09aade0ecefd01e4b8f7661acf64f5c2) Importer(815301076,1909f56bfc062723c751e8b465ee728b)
Start importing Assets/StarterAssets/Environment/Prefabs/Environment_Prefab.prefab using Guid(09aade0ecefd01e4b8f7661acf64f5c2) Importer(815301076,1909f56bfc062723c751e8b465ee728b)  -> (artifact id: '85c78ec7f5a6ced9fad773eba5396ea9') in 0.178830 seconds 
========================================================================
Received Import Request.
  Time since last request: 0.000150 seconds.
  path: Assets/StarterAssets/Environment/Prefabs/Structure_Prefab.prefab
  artifactKey: Guid(79e624e6a8770a946afb866fd94b394b) Importer(815301076,1909f56bfc062723c751e8b465ee728b)
Start importing Assets/StarterAssets/Environment/Prefabs/Structure_Prefab.prefab using Guid(79e624e6a8770a946afb866fd94b394b) Importer(815301076,1909f56bfc062723c751e8b465ee728b)  -> (artifact id: '4c43515a12f4260cddb9a6285a6f49ab') in 0.019895 seconds 
========================================================================
Received Import Request.
  Time since last request: 0.000179 seconds.
  path: Assets/StarterAssets/Environment/Prefabs/Stairs_650_400_300_Prefab.prefab
  artifactKey: Guid(50a0925b0c22af146a2d15615f815a1c) Importer(815301076,1909f56bfc062723c751e8b465ee728b)
Start importing Assets/StarterAssets/Environment/Prefabs/Stairs_650_400_300_Prefab.prefab using Guid(50a0925b0c22af146a2d15615f815a1c) Importer(815301076,1909f56bfc062723c751e8b465ee728b)  -> (artifact id: '57ff8bfdfe903e72da62082272f44aad') in 0.021164 seconds 
========================================================================
Received Import Request.
  Time since last request: 0.000146 seconds.
  path: Assets/StarterAssets/Environment/Prefabs/Wall_Prefab.prefab
  artifactKey: Guid(9eb847ab97b24024588682c8601254cf) Importer(815301076,1909f56bfc062723c751e8b465ee728b)
Start importing Assets/StarterAssets/Environment/Prefabs/Wall_Prefab.prefab using Guid(9eb847ab97b24024588682c8601254cf) Importer(815301076,1909f56bfc062723c751e8b465ee728b)  -> (artifact id: '5749154d13c71e5b7452073b3c3b0b61') in 0.022604 seconds 
========================================================================
Received Import Request.
  Time since last request: 0.000184 seconds.
  path: Assets/StarterAssets/Environment/Prefabs/Stairs_200x100x200_Prefab.prefab
  artifactKey: Guid(466621a4836aa504c87c15d88722d465) Importer(815301076,1909f56bfc062723c751e8b465ee728b)
Start importing Assets/StarterAssets/Environment/Prefabs/Stairs_200x100x200_Prefab.prefab using Guid(466621a4836aa504c87c15d88722d465) Importer(815301076,1909f56bfc062723c751e8b465ee728b)  -> (artifact id: '3c92b49e10918d04bf8194e5af965f6e') in 0.026250 seconds 
========================================================================
Received Import Request.
  Time since last request: 0.000168 seconds.
  path: Assets/StarterAssets/Environment/Prefabs/Box_350x250x200_Prefab.prefab
  artifactKey: Guid(7b846d8f536f007498c941069487ce81) Importer(815301076,1909f56bfc062723c751e8b465ee728b)
Start importing Assets/StarterAssets/Environment/Prefabs/Box_350x250x200_Prefab.prefab using Guid(7b846d8f536f007498c941069487ce81) Importer(815301076,1909f56bfc062723c751e8b465ee728b)  -> (artifact id: '19f7ca36ba2f2d1f078e52850cd26e8d') in 0.019310 seconds 
========================================================================
Received Import Request.
  Time since last request: 0.000146 seconds.
  path: Assets/StarterAssets/Environment/Prefabs/Box_350x250x300_Prefab.prefab
  artifactKey: Guid(687dbafc2b84b2846b9a4a7a7dae2a7e) Importer(815301076,1909f56bfc062723c751e8b465ee728b)
Start importing Assets/StarterAssets/Environment/Prefabs/Box_350x250x300_Prefab.prefab using Guid(687dbafc2b84b2846b9a4a7a7dae2a7e) Importer(815301076,1909f56bfc062723c751e8b465ee728b)  -> (artifact id: '66fb2ee11fa2035e4cc0f795aa73a436') in 0.020774 seconds 
========================================================================
Received Import Request.
  Time since last request: 0.000377 seconds.
  path: Assets/StarterAssets/Environment/Prefabs/Tunnel_Prefab.prefab
  artifactKey: Guid(e5d7b87d422ee0f478ee09eb32e24f4e) Importer(815301076,1909f56bfc062723c751e8b465ee728b)
Start importing Assets/StarterAssets/Environment/Prefabs/Tunnel_Prefab.prefab using Guid(e5d7b87d422ee0f478ee09eb32e24f4e) Importer(815301076,1909f56bfc062723c751e8b465ee728b)  -> (artifact id: '89a9772411331fa24c0b645c40f8194d') in 0.020121 seconds 
========================================================================
Received Import Request.
  Time since last request: 0.000131 seconds.
  path: Assets/StarterAssets/Environment/Prefabs/Ramp_Prefab.prefab
  artifactKey: Guid(8a7437817844dce4894b049de73b75f2) Importer(815301076,1909f56bfc062723c751e8b465ee728b)
Start importing Assets/StarterAssets/Environment/Prefabs/Ramp_Prefab.prefab using Guid(8a7437817844dce4894b049de73b75f2) Importer(815301076,1909f56bfc062723c751e8b465ee728b)  -> (artifact id: 'fc9ab5a2ab453c604408d8330087c13d') in 0.023333 seconds 
========================================================================
Received Import Request.
  Time since last request: 391.262112 seconds.
  path: Assets/StarterAssets/Environment/Prefabs/dungeon_UV.fbx
  artifactKey: Guid(8809a36665a1e3f4c9aedb088c80ff92) Importer(815301076,1909f56bfc062723c751e8b465ee728b)
Start importing Assets/StarterAssets/Environment/Prefabs/dungeon_UV.fbx using Guid(8809a36665a1e3f4c9aedb088c80ff92) Importer(815301076,1909f56bfc062723c751e8b465ee728b)  -> (artifact id: 'f24317271a0c089dd1cb771a6bff2708') in 2.004691 seconds 
========================================================================
Received Import Request.
  Time since last request: 223.580857 seconds.
  path: Assets/glass.mat
  artifactKey: Guid(2629d5f322d17b149b07779f9c78b1fc) Importer(815301076,1909f56bfc062723c751e8b465ee728b)
Start importing Assets/glass.mat using Guid(2629d5f322d17b149b07779f9c78b1fc) Importer(815301076,1909f56bfc062723c751e8b465ee728b)  -> (artifact id: 'e104acc32913a017db8794e072533c79') in 0.021233 seconds 
========================================================================
Received Import Request.
  Time since last request: 0.000114 seconds.
  path: Assets/walls.mat
  artifactKey: Guid(9a0b8f8f83d9d1149aba704f36b44ec6) Importer(815301076,1909f56bfc062723c751e8b465ee728b)
Start importing Assets/walls.mat using Guid(9a0b8f8f83d9d1149aba704f36b44ec6) Importer(815301076,1909f56bfc062723c751e8b465ee728b)  -> (artifact id: '1c3e180e67a79c669fb807855802e92a') in 0.016479 seconds 
========================================================================
Received Import Request.
  Time since last request: 0.000198 seconds.
  path: Assets/table.mat
  artifactKey: Guid(aae7041f226cd3f4780fbcf7d3601d32) Importer(815301076,1909f56bfc062723c751e8b465ee728b)
Start importing Assets/table.mat using Guid(aae7041f226cd3f4780fbcf7d3601d32) Importer(815301076,1909f56bfc062723c751e8b465ee728b)  -> (artifact id: '727f598d272ecca4160bdcfe6d863886') in 0.014024 seconds 
========================================================================
Received Import Request.
  Time since last request: 0.000231 seconds.
  path: Assets/sword.mat
  artifactKey: Guid(a185eb3dab712bb49ace66600b221d76) Importer(815301076,1909f56bfc062723c751e8b465ee728b)
Start importing Assets/sword.mat using Guid(a185eb3dab712bb49ace66600b221d76) Importer(815301076,1909f56bfc062723c751e8b465ee728b)  -> (artifact id: 'd944af0a29768ef3df70beb6bd5b3914') in 0.012783 seconds 
========================================================================
Received Import Request.
  Time since last request: 0.000148 seconds.
  path: Assets/stone_decorations.mat
  artifactKey: Guid(c30cb98f861baa74f954f35b72943621) Importer(815301076,1909f56bfc062723c751e8b465ee728b)
Start importing Assets/stone_decorations.mat using Guid(c30cb98f861baa74f954f35b72943621) Importer(815301076,1909f56bfc062723c751e8b465ee728b)  -> (artifact id: '9721a525683457bf6b8aec01ade9c447') in 0.018029 seconds 
========================================================================
Received Import Request.
  Time since last request: 0.000176 seconds.
  path: Assets/stool.mat
  artifactKey: Guid(8a2efc6d9d7cb284ab8e5a52bd805be6) Importer(815301076,1909f56bfc062723c751e8b465ee728b)
Start importing Assets/stool.mat using Guid(8a2efc6d9d7cb284ab8e5a52bd805be6) Importer(815301076,1909f56bfc062723c751e8b465ee728b)  -> (artifact id: '438e0b589d8dbf906e11db3b9ac239e7') in 0.013450 seconds 
========================================================================
Received Import Request.
  Time since last request: 0.000161 seconds.
  path: Assets/stuff.mat
  artifactKey: Guid(4ec25288eb7cf1c4791934c991443fe3) Importer(815301076,1909f56bfc062723c751e8b465ee728b)
Start importing Assets/stuff.mat using Guid(4ec25288eb7cf1c4791934c991443fe3) Importer(815301076,1909f56bfc062723c751e8b465ee728b)  -> (artifact id: 'cc1f4a849b694a7310c13d4821be9d65') in 0.015192 seconds 
========================================================================
Received Import Request.
  Time since last request: 19.376441 seconds.
  path: Assets/Materials/textures
  artifactKey: Guid(83c20fad77b614d409ad9d39db7afa0c) Importer(815301076,1909f56bfc062723c751e8b465ee728b)
Start importing Assets/Materials/textures using Guid(83c20fad77b614d409ad9d39db7afa0c) Importer(815301076,1909f56bfc062723c751e8b465ee728b)  -> (artifact id: '05a5cdec664e7d5e81281b61fe666725') in 0.006195 seconds 
========================================================================
Received Import Request.
  Time since last request: 0.098491 seconds.
  path: Assets/Materials/textures/dungeon_UV_barrel_BaseColor.png
  artifactKey: Guid(53f29d9d9922448479d8eebb61f779fb) Importer(815301076,1909f56bfc062723c751e8b465ee728b)
Start importing Assets/Materials/textures/dungeon_UV_barrel_BaseColor.png using Guid(53f29d9d9922448479d8eebb61f779fb) Importer(815301076,1909f56bfc062723c751e8b465ee728b)  -> (artifact id: '567782206859fbd404a64fda5c22e5eb') in 0.024248 seconds 
========================================================================
Received Import Request.
  Time since last request: 0.000108 seconds.
  path: Assets/Materials/textures/dungeon_UV_chest_Normal.png
  artifactKey: Guid(448800238b91c314b97bf1714e9af5e2) Importer(815301076,1909f56bfc062723c751e8b465ee728b)
Start importing Assets/Materials/textures/dungeon_UV_chest_Normal.png using Guid(448800238b91c314b97bf1714e9af5e2) Importer(815301076,1909f56bfc062723c751e8b465ee728b)  -> (artifact id: '0a7c5c7f4720e558ebde6248292824e1') in 0.015480 seconds 
========================================================================
Received Import Request.
  Time since last request: 0.000188 seconds.
  path: Assets/Materials/textures/dungeon_UV_columns_BaseColor.png
  artifactKey: Guid(120f98425e12c9d4c918a75d915e103a) Importer(815301076,1909f56bfc062723c751e8b465ee728b)
Start importing Assets/Materials/textures/dungeon_UV_columns_BaseColor.png using Guid(120f98425e12c9d4c918a75d915e103a) Importer(815301076,1909f56bfc062723c751e8b465ee728b)  -> (artifact id: '96972f352e88085008070b32c4852ddd') in 0.019111 seconds 
========================================================================
Received Import Request.
  Time since last request: 0.000110 seconds.
  path: Assets/Materials/textures/dungeon_UV_coin_BaseColor.png
  artifactKey: Guid(238e5ada1e34b8d44974f8b705febd70) Importer(815301076,1909f56bfc062723c751e8b465ee728b)
Start importing Assets/Materials/textures/dungeon_UV_coin_BaseColor.png using Guid(238e5ada1e34b8d44974f8b705febd70) Importer(815301076,1909f56bfc062723c751e8b465ee728b)  -> (artifact id: '104f47973f8ca5b560009fad0e285f69') in 0.015770 seconds 
========================================================================
Received Import Request.
  Time since last request: 0.000123 seconds.
  path: Assets/Materials/textures/dungeon_UV_base_Metallic.png
  artifactKey: Guid(f7f215899ac8ec148a1300d6f377893b) Importer(815301076,1909f56bfc062723c751e8b465ee728b)
Start importing Assets/Materials/textures/dungeon_UV_base_Metallic.png using Guid(f7f215899ac8ec148a1300d6f377893b) Importer(815301076,1909f56bfc062723c751e8b465ee728b)  -> (artifact id: 'e921d0edbe4e316514dd12e2e86d90c7') in 0.013909 seconds 
========================================================================
Received Import Request.
  Time since last request: 0.000190 seconds.
  path: Assets/Materials/textures/dungeon_UV_columns_Metallic.png
  artifactKey: Guid(30ddcd4d9ce9894498c3223543b40fb2) Importer(815301076,1909f56bfc062723c751e8b465ee728b)
Start importing Assets/Materials/textures/dungeon_UV_columns_Metallic.png using Guid(30ddcd4d9ce9894498c3223543b40fb2) Importer(815301076,1909f56bfc062723c751e8b465ee728b)  -> (artifact id: '878b24224f9c88ebf7997af47622733e') in 0.017449 seconds 
========================================================================
Received Import Request.
  Time since last request: 0.000110 seconds.
  path: Assets/Materials/textures/dungeon_UV_columns_Normal.png
  artifactKey: Guid(9e55ffd47ec84094fa749422ec02d976) Importer(815301076,1909f56bfc062723c751e8b465ee728b)
Start importing Assets/Materials/textures/dungeon_UV_columns_Normal.png using Guid(9e55ffd47ec84094fa749422ec02d976) Importer(815301076,1909f56bfc062723c751e8b465ee728b)  -> (artifact id: 'afba469599ad507b9e314594d853c107') in 0.017768 seconds 
========================================================================
Received Import Request.
  Time since last request: 0.000212 seconds.
  path: Assets/Materials/textures/dungeon_UV_chest_BaseColor.png
  artifactKey: Guid(468ae936907b4a440827bd662e3cb726) Importer(815301076,1909f56bfc062723c751e8b465ee728b)
Start importing Assets/Materials/textures/dungeon_UV_chest_BaseColor.png using Guid(468ae936907b4a440827bd662e3cb726) Importer(815301076,1909f56bfc062723c751e8b465ee728b)  -> (artifact id: 'b2195c800bcd511c354516038b16cd6a') in 0.016678 seconds 
========================================================================
Received Import Request.
  Time since last request: 0.000137 seconds.
  path: Assets/Materials/textures/dungeon_UV_base_BaseColor.png
  artifactKey: Guid(4039ef207ae3bd34aa178495ffc7fa5c) Importer(815301076,1909f56bfc062723c751e8b465ee728b)
Start importing Assets/Materials/textures/dungeon_UV_base_BaseColor.png using Guid(4039ef207ae3bd34aa178495ffc7fa5c) Importer(815301076,1909f56bfc062723c751e8b465ee728b)  -> (artifact id: '712e7606a00b9b03fb245c43b3261e8d') in 0.016343 seconds 
========================================================================
Received Import Request.
  Time since last request: 0.000143 seconds.
  path: Assets/Materials/textures/dungeon_UV_base_Normal.png
  artifactKey: Guid(515f19cdc789e3147b1d5cc355740099) Importer(815301076,1909f56bfc062723c751e8b465ee728b)
Start importing Assets/Materials/textures/dungeon_UV_base_Normal.png using Guid(515f19cdc789e3147b1d5cc355740099) Importer(815301076,1909f56bfc062723c751e8b465ee728b)  -> (artifact id: '918f575b5887033d0e4d5932e2c0c4f8') in 0.016145 seconds 
========================================================================
Received Import Request.
  Time since last request: 0.000198 seconds.
  path: Assets/Materials/textures/dungeon_UV_glass_Emissive.png
  artifactKey: Guid(f17c95b9bef22684fa90e103e681c2a2) Importer(815301076,1909f56bfc062723c751e8b465ee728b)
Start importing Assets/Materials/textures/dungeon_UV_glass_Emissive.png using Guid(f17c95b9bef22684fa90e103e681c2a2) Importer(815301076,1909f56bfc062723c751e8b465ee728b)  -> (artifact id: 'c3a6fec3f2cdf4e8285b3fc790193f3e') in 0.013484 seconds 
========================================================================
Received Import Request.
  Time since last request: 0.000127 seconds.
  path: Assets/Materials/textures/dungeon_UV_box_Metallic.png
  artifactKey: Guid(d3ac660ca1fcac34db97bdcfa0f7ffac) Importer(815301076,1909f56bfc062723c751e8b465ee728b)
Start importing Assets/Materials/textures/dungeon_UV_box_Metallic.png using Guid(d3ac660ca1fcac34db97bdcfa0f7ffac) Importer(815301076,1909f56bfc062723c751e8b465ee728b)  -> (artifact id: '261da68c2c99bb493ed0da99f57ed3f1') in 0.017181 seconds 
========================================================================
Received Import Request.
  Time since last request: 0.000122 seconds.
  path: Assets/Materials/textures/dungeon_UV_coin_Metallic.png
  artifactKey: Guid(0d20b642378433a489bc8322b763bd9d) Importer(815301076,1909f56bfc062723c751e8b465ee728b)
Start importing Assets/Materials/textures/dungeon_UV_coin_Metallic.png using Guid(0d20b642378433a489bc8322b763bd9d) Importer(815301076,1909f56bfc062723c751e8b465ee728b)  -> (artifact id: 'aaeb87208107b2a0f8a7e0ef54bcc57c') in 0.016075 seconds 
========================================================================
Received Import Request.
  Time since last request: 0.000214 seconds.
  path: Assets/Materials/textures/dungeon_UV_glass_BaseColor.png
  artifactKey: Guid(d5278442658cfef429bae733ea3de4dd) Importer(815301076,1909f56bfc062723c751e8b465ee728b)
Start importing Assets/Materials/textures/dungeon_UV_glass_BaseColor.png using Guid(d5278442658cfef429bae733ea3de4dd) Importer(815301076,1909f56bfc062723c751e8b465ee728b)  -> (artifact id: 'd6ee173225693f0d8cadac705e23cd7b') in 0.022380 seconds 
========================================================================
Received Import Request.
  Time since last request: 0.000140 seconds.
  path: Assets/Materials/textures/dungeon_UV_chest_Roughness.png
  artifactKey: Guid(748b9538222f5c947a65c06c3db568d6) Importer(815301076,1909f56bfc062723c751e8b465ee728b)
Start importing Assets/Materials/textures/dungeon_UV_chest_Roughness.png using Guid(748b9538222f5c947a65c06c3db568d6) Importer(815301076,1909f56bfc062723c751e8b465ee728b)  -> (artifact id: 'ac837f00e5b067f1ea5fb8922682aa45') in 0.018939 seconds 
========================================================================
Received Import Request.
  Time since last request: 0.000250 seconds.
  path: Assets/Materials/textures/dungeon_UV_barrel_Metallic.png
  artifactKey: Guid(ecb56facae1c3e64b8b07ca1e280c888) Importer(815301076,1909f56bfc062723c751e8b465ee728b)
Start importing Assets/Materials/textures/dungeon_UV_barrel_Metallic.png using Guid(ecb56facae1c3e64b8b07ca1e280c888) Importer(815301076,1909f56bfc062723c751e8b465ee728b)  -> (artifact id: '9faad2b913579bf8e16b378b492ae02b') in 0.016231 seconds 
========================================================================
Received Import Request.
  Time since last request: 0.000119 seconds.
  path: Assets/Materials/textures/dungeon_UV_base_Roughness.png
  artifactKey: Guid(3cd33a81684fc9b4d966d67d5c1ac49e) Importer(815301076,1909f56bfc062723c751e8b465ee728b)
Start importing Assets/Materials/textures/dungeon_UV_base_Roughness.png using Guid(3cd33a81684fc9b4d966d67d5c1ac49e) Importer(815301076,1909f56bfc062723c751e8b465ee728b)  -> (artifact id: '0ad83c696420b81e3a7a62a6bdf6399e') in 0.017018 seconds 
========================================================================
Received Import Request.
  Time since last request: 0.000129 seconds.
  path: Assets/Materials/textures/dungeon_UV_coin_Normal.png
  artifactKey: Guid(95771d67737f6da449921c468be3b582) Importer(815301076,1909f56bfc062723c751e8b465ee728b)
Start importing Assets/Materials/textures/dungeon_UV_coin_Normal.png using Guid(95771d67737f6da449921c468be3b582) Importer(815301076,1909f56bfc062723c751e8b465ee728b)  -> (artifact id: '615ee2a247365837b258a3f6abc3fbf4') in 0.016480 seconds 
========================================================================
Received Import Request.
  Time since last request: 0.000207 seconds.
  path: Assets/Materials/textures/dungeon_UV_barrel_Roughness.png
  artifactKey: Guid(5de85e4fff400e344a52d7e9dfe1258d) Importer(815301076,1909f56bfc062723c751e8b465ee728b)
Start importing Assets/Materials/textures/dungeon_UV_barrel_Roughness.png using Guid(5de85e4fff400e344a52d7e9dfe1258d) Importer(815301076,1909f56bfc062723c751e8b465ee728b)  -> (artifact id: '1a78db21a46c0d44750d59c5eba7823c') in 0.017789 seconds 
========================================================================
Received Import Request.
  Time since last request: 0.000158 seconds.
  path: Assets/Materials/textures/dungeon_UV_coin_Roughness.png
  artifactKey: Guid(ff960bc0da66c54408984597e445a36d) Importer(815301076,1909f56bfc062723c751e8b465ee728b)
Start importing Assets/Materials/textures/dungeon_UV_coin_Roughness.png using Guid(ff960bc0da66c54408984597e445a36d) Importer(815301076,1909f56bfc062723c751e8b465ee728b)  -> (artifact id: '9da3a1bb53cefa5b7458d59afc181913') in 0.018453 seconds 
========================================================================
Received Import Request.
  Time since last request: 0.000146 seconds.
  path: Assets/Materials/textures/dungeon_UV_chest_Height.png
  artifactKey: Guid(232f248ea77f93f49ab44f78177fc2ac) Importer(815301076,1909f56bfc062723c751e8b465ee728b)
Start importing Assets/Materials/textures/dungeon_UV_chest_Height.png using Guid(232f248ea77f93f49ab44f78177fc2ac) Importer(815301076,1909f56bfc062723c751e8b465ee728b)  -> (artifact id: '8fe8d610c46477456255f9506dfc4a96') in 0.014789 seconds 
========================================================================
Received Import Request.
  Time since last request: 0.000142 seconds.
  path: Assets/Materials/textures/dungeon_UV_columns_Roughness.png
  artifactKey: Guid(1504d5f8ee2f35840ac99f3712717294) Importer(815301076,1909f56bfc062723c751e8b465ee728b)
Start importing Assets/Materials/textures/dungeon_UV_columns_Roughness.png using Guid(1504d5f8ee2f35840ac99f3712717294) Importer(815301076,1909f56bfc062723c751e8b465ee728b)  -> (artifact id: '559b167b1b3cc179b9c170c8fb24385a') in 0.017437 seconds 
========================================================================
Received Import Request.
  Time since last request: 0.000155 seconds.
  path: Assets/Materials/textures/dungeon_UV_barrel_Normal.png
  artifactKey: Guid(d4ee6226e39489d44bd23ffeeb0362e2) Importer(815301076,1909f56bfc062723c751e8b465ee728b)
Start importing Assets/Materials/textures/dungeon_UV_barrel_Normal.png using Guid(d4ee6226e39489d44bd23ffeeb0362e2) Importer(815301076,1909f56bfc062723c751e8b465ee728b)  -> (artifact id: 'd78a93aec65ef1573adfbe0ed86f08fc') in 0.016007 seconds 
========================================================================
Received Import Request.
  Time since last request: 0.000166 seconds.
  path: Assets/Materials/textures/dungeon_UV_box_Normal.png
  artifactKey: Guid(eaa05f50a0290904bb9dcacb9b7e1901) Importer(815301076,1909f56bfc062723c751e8b465ee728b)
Start importing Assets/Materials/textures/dungeon_UV_box_Normal.png using Guid(eaa05f50a0290904bb9dcacb9b7e1901) Importer(815301076,1909f56bfc062723c751e8b465ee728b)  -> (artifact id: '3a02cd29ca3c6e122fc5e1c09c1f45a1') in 0.017186 seconds 
========================================================================
Received Import Request.
  Time since last request: 0.000146 seconds.
  path: Assets/Materials/textures/dungeon_UV_box_Roughness.png
  artifactKey: Guid(4127678a93c707047a30d28e444f54d6) Importer(815301076,1909f56bfc062723c751e8b465ee728b)
Start importing Assets/Materials/textures/dungeon_UV_box_Roughness.png using Guid(4127678a93c707047a30d28e444f54d6) Importer(815301076,1909f56bfc062723c751e8b465ee728b)  -> (artifact id: '94ceeadf610353f9da8a2a1c81803d04') in 0.015691 seconds 
========================================================================
Received Import Request.
  Time since last request: 0.000149 seconds.
  path: Assets/Materials/textures/dungeon_UV_box_BaseColor.png
  artifactKey: Guid(ba71d60375eb2a9448491effa5a3c411) Importer(815301076,1909f56bfc062723c751e8b465ee728b)
Start importing Assets/Materials/textures/dungeon_UV_box_BaseColor.png using Guid(ba71d60375eb2a9448491effa5a3c411) Importer(815301076,1909f56bfc062723c751e8b465ee728b)  -> (artifact id: 'a18e5f35a9891177a31dc4def8cd78ab') in 0.014519 seconds 
========================================================================
Received Import Request.
  Time since last request: 1.338669 seconds.
  path: Assets/Materials/textures/dungeon_UV_glass_Metallic.png
  artifactKey: Guid(1807aff9035f13d4c98dc2c87d4dbaa4) Importer(815301076,1909f56bfc062723c751e8b465ee728b)
Start importing Assets/Materials/textures/dungeon_UV_glass_Metallic.png using Guid(1807aff9035f13d4c98dc2c87d4dbaa4) Importer(815301076,1909f56bfc062723c751e8b465ee728b)  -> (artifact id: '0d423683ff13aaf68ec49fb267ac2ffc') in 0.014186 seconds 
========================================================================
Received Import Request.
  Time since last request: 0.000128 seconds.
  path: Assets/Materials/textures/dungeon_UV_glass_Opacity.png
  artifactKey: Guid(c733112778a11ac459cf427fa4f4fc4f) Importer(815301076,1909f56bfc062723c751e8b465ee728b)
Start importing Assets/Materials/textures/dungeon_UV_glass_Opacity.png using Guid(c733112778a11ac459cf427fa4f4fc4f) Importer(815301076,1909f56bfc062723c751e8b465ee728b)  -> (artifact id: 'ea90e1c48c82adbc737200368fc579d0') in 0.016428 seconds 
========================================================================
Received Import Request.
  Time since last request: 0.000178 seconds.
  path: Assets/Materials/textures/dungeon_UV_glass_Normal.png
  artifactKey: Guid(a017af9d3d898ce4fa3ac68ac5d1d8ef) Importer(815301076,1909f56bfc062723c751e8b465ee728b)
Start importing Assets/Materials/textures/dungeon_UV_glass_Normal.png using Guid(a017af9d3d898ce4fa3ac68ac5d1d8ef) Importer(815301076,1909f56bfc062723c751e8b465ee728b)  -> (artifact id: '7771458c92dda91605c886de7f0ad856') in 0.012982 seconds 
========================================================================
Received Import Request.
  Time since last request: 0.000185 seconds.
  path: Assets/Materials/textures/dungeon_UV_stool_BaseColor.png
  artifactKey: Guid(eba480242c5a3fd4d93421c87c5ac68c) Importer(815301076,1909f56bfc062723c751e8b465ee728b)
Start importing Assets/Materials/textures/dungeon_UV_stool_BaseColor.png using Guid(eba480242c5a3fd4d93421c87c5ac68c) Importer(815301076,1909f56bfc062723c751e8b465ee728b)  -> (artifact id: '05d702bc9c8df87bcc59de0de91060a1') in 0.016756 seconds 
========================================================================
Received Import Request.
  Time since last request: 0.000117 seconds.
  path: Assets/Materials/textures/dungeon_UV_glass_Roughness.png
  artifactKey: Guid(3ba9acd11e6935c4293ca9eaa90ab52c) Importer(815301076,1909f56bfc062723c751e8b465ee728b)
Start importing Assets/Materials/textures/dungeon_UV_glass_Roughness.png using Guid(3ba9acd11e6935c4293ca9eaa90ab52c) Importer(815301076,1909f56bfc062723c751e8b465ee728b)  -> (artifact id: 'fe6eb474ed63a026cd778a9b6a20fdae') in 0.016091 seconds 
========================================================================
Received Import Request.
  Time since last request: 0.000194 seconds.
  path: Assets/Materials/textures/dungeon_UV_stool_Metallic.png
  artifactKey: Guid(2c4bb7ab4f0fc1a4e9ceb6f27d723c82) Importer(815301076,1909f56bfc062723c751e8b465ee728b)
Start importing Assets/Materials/textures/dungeon_UV_stool_Metallic.png using Guid(2c4bb7ab4f0fc1a4e9ceb6f27d723c82) Importer(815301076,1909f56bfc062723c751e8b465ee728b)  -> (artifact id: '73c3c3f44f9925da60b3a2b13d0c565f') in 0.019437 seconds 
========================================================================
Received Import Request.
  Time since last request: 0.000150 seconds.
  path: Assets/Materials/textures/dungeon_UV_stone_decorations_Roughness.png
  artifactKey: Guid(374a08aca5893734b8df55cce17a5449) Importer(815301076,1909f56bfc062723c751e8b465ee728b)
Start importing Assets/Materials/textures/dungeon_UV_stone_decorations_Roughness.png using Guid(374a08aca5893734b8df55cce17a5449) Importer(815301076,1909f56bfc062723c751e8b465ee728b)  -> (artifact id: '29cb18eb34de58b028366cdb97895ce1') in 0.018261 seconds 
========================================================================
Received Import Request.
  Time since last request: 0.000200 seconds.
  path: Assets/Materials/textures/dungeon_UV_stone_decorations_Metallic.png
  artifactKey: Guid(77ae00d30db475b42a8f0ab38e0ee1c0) Importer(815301076,1909f56bfc062723c751e8b465ee728b)
Start importing Assets/Materials/textures/dungeon_UV_stone_decorations_Metallic.png using Guid(77ae00d30db475b42a8f0ab38e0ee1c0) Importer(815301076,1909f56bfc062723c751e8b465ee728b)  -> (artifact id: '4f559fec3e1c156733521585c23430d0') in 0.014278 seconds 
========================================================================
Received Import Request.
  Time since last request: 0.000253 seconds.
  path: Assets/Materials/textures/dungeon_UV_stone_decorations_BaseColor.png
  artifactKey: Guid(a5ca7ccbe83a531468888297e1eae5e6) Importer(815301076,1909f56bfc062723c751e8b465ee728b)
Start importing Assets/Materials/textures/dungeon_UV_stone_decorations_BaseColor.png using Guid(a5ca7ccbe83a531468888297e1eae5e6) Importer(815301076,1909f56bfc062723c751e8b465ee728b)  -> (artifact id: '3fe74fd647daa863010a2a01a058f9ed') in 0.015449 seconds 
========================================================================
Received Import Request.
  Time since last request: 0.000200 seconds.
  path: Assets/Materials/textures/dungeon_UV_stone_decorations_Normal.png
  artifactKey: Guid(e5ab459a1d5e64e46af15914a4b02692) Importer(815301076,1909f56bfc062723c751e8b465ee728b)
Start importing Assets/Materials/textures/dungeon_UV_stone_decorations_Normal.png using Guid(e5ab459a1d5e64e46af15914a4b02692) Importer(815301076,1909f56bfc062723c751e8b465ee728b)  -> (artifact id: '261f809130bed9b4b21f4ca762182058') in 0.016326 seconds 
========================================================================
Received Import Request.
  Time since last request: 0.115703 seconds.
  path: Assets/Materials/textures/dungeon_UV_stool_Normal.png
  artifactKey: Guid(3168515d49697fe4e9132b8b7b250d2f) Importer(815301076,1909f56bfc062723c751e8b465ee728b)
Start importing Assets/Materials/textures/dungeon_UV_stool_Normal.png using Guid(3168515d49697fe4e9132b8b7b250d2f) Importer(815301076,1909f56bfc062723c751e8b465ee728b)  -> (artifact id: '130affc328948cb7f3cf0cf65a90cf31') in 0.012863 seconds 
========================================================================
Received Import Request.
  Time since last request: 0.000125 seconds.
  path: Assets/Materials/textures/dungeon_UV_stuff_BaseColor.png
  artifactKey: Guid(296411c42ad568c4a845c051b7771349) Importer(815301076,1909f56bfc062723c751e8b465ee728b)
Start importing Assets/Materials/textures/dungeon_UV_stuff_BaseColor.png using Guid(296411c42ad568c4a845c051b7771349) Importer(815301076,1909f56bfc062723c751e8b465ee728b)  -> (artifact id: '3ad9dea2c3cdff0383f07abda6684afa') in 0.017045 seconds 
========================================================================
Received Import Request.
  Time since last request: 0.000209 seconds.
  path: Assets/Materials/textures/dungeon_UV_stuff_Emissive.png
  artifactKey: Guid(5e7aa9e7838789f44a134d9caee61c26) Importer(815301076,1909f56bfc062723c751e8b465ee728b)
Start importing Assets/Materials/textures/dungeon_UV_stuff_Emissive.png using Guid(5e7aa9e7838789f44a134d9caee61c26) Importer(815301076,1909f56bfc062723c751e8b465ee728b)  -> (artifact id: '9d5271f1b9e7787cd7860e1a404045b7') in 0.016934 seconds 
========================================================================
Received Import Request.
  Time since last request: 0.000155 seconds.
  path: Assets/Materials/textures/dungeon_UV_stuff_Metallic.png
  artifactKey: Guid(3fb24d0e95edcd74eb080dd23a355b47) Importer(815301076,1909f56bfc062723c751e8b465ee728b)
Start importing Assets/Materials/textures/dungeon_UV_stuff_Metallic.png using Guid(3fb24d0e95edcd74eb080dd23a355b47) Importer(815301076,1909f56bfc062723c751e8b465ee728b)  -> (artifact id: 'e15007add905b83b752c360447fcd642') in 0.015058 seconds 
========================================================================
Received Import Request.
  Time since last request: 0.000184 seconds.
  path: Assets/Materials/textures/dungeon_UV_stool_Roughness.png
  artifactKey: Guid(cfd0040d9347da741af930a42d3ec9e1) Importer(815301076,1909f56bfc062723c751e8b465ee728b)
Start importing Assets/Materials/textures/dungeon_UV_stool_Roughness.png using Guid(cfd0040d9347da741af930a42d3ec9e1) Importer(815301076,1909f56bfc062723c751e8b465ee728b)  -> (artifact id: '33a7440e7b6de9e6d0a603472d2418ad') in 0.016142 seconds 
========================================================================
Received Import Request.
  Time since last request: 0.000183 seconds.
  path: Assets/Materials/textures/dungeon_UV_sword_Normal.png
  artifactKey: Guid(97fc170482fd8784da415f5058e4b0a3) Importer(815301076,1909f56bfc062723c751e8b465ee728b)
Start importing Assets/Materials/textures/dungeon_UV_sword_Normal.png using Guid(97fc170482fd8784da415f5058e4b0a3) Importer(815301076,1909f56bfc062723c751e8b465ee728b)  -> (artifact id: '84a231ba30a81319bd70fe089b407c9e') in 0.014968 seconds 
========================================================================
Received Import Request.
  Time since last request: 0.000176 seconds.
  path: Assets/Materials/textures/dungeon_UV_stuff_Normal.png
  artifactKey: Guid(d9e5e1a8e87c4bb4bbde48ac94cf1040) Importer(815301076,1909f56bfc062723c751e8b465ee728b)
Start importing Assets/Materials/textures/dungeon_UV_stuff_Normal.png using Guid(d9e5e1a8e87c4bb4bbde48ac94cf1040) Importer(815301076,1909f56bfc062723c751e8b465ee728b)  -> (artifact id: 'bfcd036d1b0bf1fc2a860b778878abf7') in 0.015683 seconds 
========================================================================
Received Import Request.
  Time since last request: 0.000209 seconds.
  path: Assets/Materials/textures/dungeon_UV_sword_BaseColor.png
  artifactKey: Guid(9b515a765100e594d89d0183b392f5c0) Importer(815301076,1909f56bfc062723c751e8b465ee728b)
Start importing Assets/Materials/textures/dungeon_UV_sword_BaseColor.png using Guid(9b515a765100e594d89d0183b392f5c0) Importer(815301076,1909f56bfc062723c751e8b465ee728b)  -> (artifact id: '934955ac7aa3875fe28eb9e55c552542') in 0.013338 seconds 
========================================================================
Received Import Request.
  Time since last request: 0.000164 seconds.
  path: Assets/Materials/textures/dungeon_UV_sword_Metallic.png
  artifactKey: Guid(c7e0956b4d91ab24e8b1c747227b24f9) Importer(815301076,1909f56bfc062723c751e8b465ee728b)
Start importing Assets/Materials/textures/dungeon_UV_sword_Metallic.png using Guid(c7e0956b4d91ab24e8b1c747227b24f9) Importer(815301076,1909f56bfc062723c751e8b465ee728b)  -> (artifact id: 'a36135fbc01da414dae26f3db2082355') in 0.015174 seconds 
========================================================================
Received Import Request.
  Time since last request: 0.000157 seconds.
  path: Assets/Materials/textures/dungeon_UV_stuff_Roughness.png
  artifactKey: Guid(e6e225fb298b4584583d65ac1b703873) Importer(815301076,1909f56bfc062723c751e8b465ee728b)
Start importing Assets/Materials/textures/dungeon_UV_stuff_Roughness.png using Guid(e6e225fb298b4584583d65ac1b703873) Importer(815301076,1909f56bfc062723c751e8b465ee728b)  -> (artifact id: 'f19fa344514f7c3d36040d6ffb2b885a') in 0.016165 seconds 
========================================================================
Received Import Request.
  Time since last request: 0.974048 seconds.
  path: Assets/Materials/textures/dungeon_UV_sword_Roughness.png
  artifactKey: Guid(0f166e6ac46f1bf48ade8594c7900d3e) Importer(815301076,1909f56bfc062723c751e8b465ee728b)
Start importing Assets/Materials/textures/dungeon_UV_sword_Roughness.png using Guid(0f166e6ac46f1bf48ade8594c7900d3e) Importer(815301076,1909f56bfc062723c751e8b465ee728b)  -> (artifact id: '26a5fb24cda8d1573779d3d96e61dad2') in 0.013797 seconds 
========================================================================
Received Import Request.
  Time since last request: 0.000130 seconds.
  path: Assets/Materials/textures/dungeon_UV_table_Metallic.png
  artifactKey: Guid(ab7639898b0d5904984d17bf8969c7fc) Importer(815301076,1909f56bfc062723c751e8b465ee728b)
Start importing Assets/Materials/textures/dungeon_UV_table_Metallic.png using Guid(ab7639898b0d5904984d17bf8969c7fc) Importer(815301076,1909f56bfc062723c751e8b465ee728b)  -> (artifact id: '0babe5679929f4ab29ee68720f2eefc3') in 0.014744 seconds 
========================================================================
Received Import Request.
  Time since last request: 0.000314 seconds.
  path: Assets/Materials/textures/dungeon_UV_table_Normal.png
  artifactKey: Guid(da3a80c8f5e317f47b8affaf8615b920) Importer(815301076,1909f56bfc062723c751e8b465ee728b)
Start importing Assets/Materials/textures/dungeon_UV_table_Normal.png using Guid(da3a80c8f5e317f47b8affaf8615b920) Importer(815301076,1909f56bfc062723c751e8b465ee728b)  -> (artifact id: '43c4a46d48d0e466d7b837887523e480') in 0.016755 seconds 
========================================================================
Received Import Request.
  Time since last request: 0.000122 seconds.
  path: Assets/Materials/textures/dungeon_UV_table_BaseColor.png
  artifactKey: Guid(00ff894e9133e954caf031ced94c12f2) Importer(815301076,1909f56bfc062723c751e8b465ee728b)
Start importing Assets/Materials/textures/dungeon_UV_table_BaseColor.png using Guid(00ff894e9133e954caf031ced94c12f2) Importer(815301076,1909f56bfc062723c751e8b465ee728b)  -> (artifact id: '01c1879f3777d951376e47c380ce1a80') in 0.016394 seconds 
========================================================================
Received Import Request.
  Time since last request: 0.000255 seconds.
  path: Assets/Materials/textures/dungeon_UV_walls_Roughness.png
  artifactKey: Guid(930db7daa48dc5a4b8a67eace1fb2b2a) Importer(815301076,1909f56bfc062723c751e8b465ee728b)
Start importing Assets/Materials/textures/dungeon_UV_walls_Roughness.png using Guid(930db7daa48dc5a4b8a67eace1fb2b2a) Importer(815301076,1909f56bfc062723c751e8b465ee728b)  -> (artifact id: 'efa4e1f60dad3395d061700528419254') in 0.014112 seconds 
========================================================================
Received Import Request.
  Time since last request: 0.000151 seconds.
  path: Assets/Materials/textures/dungeon_UV_walls_Normal.png
  artifactKey: Guid(8b4ce76d72b95f541a4e575a5754931c) Importer(815301076,1909f56bfc062723c751e8b465ee728b)
Start importing Assets/Materials/textures/dungeon_UV_walls_Normal.png using Guid(8b4ce76d72b95f541a4e575a5754931c) Importer(815301076,1909f56bfc062723c751e8b465ee728b)  -> (artifact id: '7bc6685246c2068713ff9f64cf974234') in 0.015515 seconds 
========================================================================
Received Import Request.
  Time since last request: 0.000136 seconds.
  path: Assets/Materials/textures/dungeon_UV_table_Roughness.png
  artifactKey: Guid(f70bf6804c6910e43a7efdea5e7c572d) Importer(815301076,1909f56bfc062723c751e8b465ee728b)
Start importing Assets/Materials/textures/dungeon_UV_table_Roughness.png using Guid(f70bf6804c6910e43a7efdea5e7c572d) Importer(815301076,1909f56bfc062723c751e8b465ee728b)  -> (artifact id: '3752636060b8f6e798dcbb11e27a151d') in 0.013450 seconds 
========================================================================
Received Import Request.
  Time since last request: 0.000210 seconds.
  path: Assets/Materials/textures/dungeon_UV_walls_Metallic.png
  artifactKey: Guid(3f522b1a8f3bd63459eb940663d0eb05) Importer(815301076,1909f56bfc062723c751e8b465ee728b)
Start importing Assets/Materials/textures/dungeon_UV_walls_Metallic.png using Guid(3f522b1a8f3bd63459eb940663d0eb05) Importer(815301076,1909f56bfc062723c751e8b465ee728b)  -> (artifact id: '0aa89703f343a7897bee8d6338854b55') in 0.015243 seconds 
========================================================================
Received Import Request.
  Time since last request: 0.000231 seconds.
  path: Assets/Materials/textures/dungeon_UV_walls_BaseColor.png
  artifactKey: Guid(308c6e617be97c4488d1f55b255639ee) Importer(815301076,1909f56bfc062723c751e8b465ee728b)
Start importing Assets/Materials/textures/dungeon_UV_walls_BaseColor.png using Guid(308c6e617be97c4488d1f55b255639ee) Importer(815301076,1909f56bfc062723c751e8b465ee728b)  -> (artifact id: 'be23800559598006d203d2f6eac5dd21') in 0.017801 seconds 
========================================================================
Received Import Request.
  Time since last request: 124.583283 seconds.
  path: Assets/barrel.mat
  artifactKey: Guid(52b3fe1dbf356484bbca2a7813263f2b) Importer(815301076,1909f56bfc062723c751e8b465ee728b)
Start importing Assets/barrel.mat using Guid(52b3fe1dbf356484bbca2a7813263f2b) Importer(815301076,1909f56bfc062723c751e8b465ee728b)  -> (artifact id: 'f0db256b6e5c3b13550be5cf8d4e2c4c') in 0.014139 seconds 
========================================================================
Received Import Request.
  Time since last request: 0.000151 seconds.
  path: Assets/box.mat
  artifactKey: Guid(8b252cf26d24020429edcd35bfc6bdb8) Importer(815301076,1909f56bfc062723c751e8b465ee728b)
Start importing Assets/box.mat using Guid(8b252cf26d24020429edcd35bfc6bdb8) Importer(815301076,1909f56bfc062723c751e8b465ee728b)  -> (artifact id: 'e66a717d0809dbd9294c04ffc0ef645b') in 0.014795 seconds 
========================================================================
Received Import Request.
  Time since last request: 0.000118 seconds.
  path: Assets/chest.mat
  artifactKey: Guid(35da58a2415e9494fb3b49c929e7ebee) Importer(815301076,1909f56bfc062723c751e8b465ee728b)
Start importing Assets/chest.mat using Guid(35da58a2415e9494fb3b49c929e7ebee) Importer(815301076,1909f56bfc062723c751e8b465ee728b)  -> (artifact id: '40834f74ecce01140b1d1abc18c6aeaf') in 0.015310 seconds 
========================================================================
Received Import Request.
  Time since last request: 0.000157 seconds.
  path: Assets/base.mat
  artifactKey: Guid(0f261586ca044324b8a60750466d8e0c) Importer(815301076,1909f56bfc062723c751e8b465ee728b)
Start importing Assets/base.mat using Guid(0f261586ca044324b8a60750466d8e0c) Importer(815301076,1909f56bfc062723c751e8b465ee728b)  -> (artifact id: '93b79b4862f747caf282ab5ccccd593c') in 0.015587 seconds 
========================================================================
Received Import Request.
  Time since last request: 0.000143 seconds.
  path: Assets/coin.mat
  artifactKey: Guid(cb8534102253bbc46a1e60bd832acf65) Importer(815301076,1909f56bfc062723c751e8b465ee728b)
Start importing Assets/coin.mat using Guid(cb8534102253bbc46a1e60bd832acf65) Importer(815301076,1909f56bfc062723c751e8b465ee728b)  -> (artifact id: '70ae2cac2f581eb2db47a3e568e73131') in 0.017752 seconds 
========================================================================
Received Import Request.
  Time since last request: 0.000160 seconds.
  path: Assets/columns.mat
  artifactKey: Guid(010f2d8770255fa4fa511f36e332ab56) Importer(815301076,1909f56bfc062723c751e8b465ee728b)
Start importing Assets/columns.mat using Guid(010f2d8770255fa4fa511f36e332ab56) Importer(815301076,1909f56bfc062723c751e8b465ee728b)  -> (artifact id: 'ce9b0d911bcb6995df72dbb45d6a6aac') in 0.015788 seconds 
========================================================================
Received Import Request.
  Time since last request: 44.516948 seconds.
  path: Assets/Materials/textures/dungeon_UV_glass_Normal.png
  artifactKey: Guid(a017af9d3d898ce4fa3ac68ac5d1d8ef) Importer(815301076,1909f56bfc062723c751e8b465ee728b)
Start importing Assets/Materials/textures/dungeon_UV_glass_Normal.png using Guid(a017af9d3d898ce4fa3ac68ac5d1d8ef) Importer(815301076,1909f56bfc062723c751e8b465ee728b)  -> (artifact id: 'bf3f0dc35bbe23db8a00debfed86c46b') in 0.017411 seconds 
========================================================================
Received Import Request.
  Time since last request: 34.731509 seconds.
  path: Assets/StarterAssets/Environment/Art/Skybox/SkyboxLiteWarm.mat
  artifactKey: Guid(aeab33f69c199e54794f516d31450ec4) Importer(815301076,1909f56bfc062723c751e8b465ee728b)
Start importing Assets/StarterAssets/Environment/Art/Skybox/SkyboxLiteWarm.mat using Guid(aeab33f69c199e54794f516d31450ec4) Importer(815301076,1909f56bfc062723c751e8b465ee728b)  -> (artifact id: '42ec10c280250b776ef8cd8cc16042f3') in 0.084933 seconds 
========================================================================
Received Import Request.
  Time since last request: 0.000129 seconds.
  path: Assets/StarterAssets/Environment/Art/Models/Wall_Mesh.fbx
  artifactKey: Guid(ff02a0a00ab750f48b09459b1cafd1b8) Importer(815301076,1909f56bfc062723c751e8b465ee728b)
Start importing Assets/StarterAssets/Environment/Art/Models/Wall_Mesh.fbx using Guid(ff02a0a00ab750f48b09459b1cafd1b8) Importer(815301076,1909f56bfc062723c751e8b465ee728b)  -> (artifact id: '5ccd8dd627216c85e662a0bc3b38daa2') in 0.029115 seconds 
========================================================================
Received Import Request.
  Time since last request: 117.104704 seconds.
  path: Assets/Materials/textures/dungeon_UV_walls_Normal.png
  artifactKey: Guid(8b4ce76d72b95f541a4e575a5754931c) Importer(815301076,1909f56bfc062723c751e8b465ee728b)
Start importing Assets/Materials/textures/dungeon_UV_walls_Normal.png using Guid(8b4ce76d72b95f541a4e575a5754931c) Importer(815301076,1909f56bfc062723c751e8b465ee728b)  -> (artifact id: 'be0edd73eef44ef66432f1988065984f') in 0.017183 seconds 
========================================================================
Received Import Request.
  Time since last request: 7.559924 seconds.
  path: Assets/StarterAssets/Environment/Art/Models/Stairs_200x100x200_Mesh.fbx
  artifactKey: Guid(fce3bf5a5b603db45ab0048fb6ab44df) Importer(815301076,1909f56bfc062723c751e8b465ee728b)
Start importing Assets/StarterAssets/Environment/Art/Models/Stairs_200x100x200_Mesh.fbx using Guid(fce3bf5a5b603db45ab0048fb6ab44df) Importer(815301076,1909f56bfc062723c751e8b465ee728b)  -> (artifact id: '6cb2d1c43633d25be6e813df81146f9b') in 0.053039 seconds 
========================================================================
Received Import Request.
  Time since last request: 0.000139 seconds.
  path: Assets/StarterAssets/Environment/Art/Models/Stairs_650_400_300_Mesh.fbx
  artifactKey: Guid(7e0223e1d3e1733499accfa5ebffb67e) Importer(815301076,1909f56bfc062723c751e8b465ee728b)
Start importing Assets/StarterAssets/Environment/Art/Models/Stairs_650_400_300_Mesh.fbx using Guid(7e0223e1d3e1733499accfa5ebffb67e) Importer(815301076,1909f56bfc062723c751e8b465ee728b)  -> (artifact id: '44d5941ba9f253bff4eb3c4cc0cbf792') in 0.063789 seconds 
========================================================================
Received Import Request.
  Time since last request: 205.690676 seconds.
  path: Assets/Materials/textures/dungeon_UV_stone_decorations_Normal.png
  artifactKey: Guid(e5ab459a1d5e64e46af15914a4b02692) Importer(815301076,1909f56bfc062723c751e8b465ee728b)
Start importing Assets/Materials/textures/dungeon_UV_stone_decorations_Normal.png using Guid(e5ab459a1d5e64e46af15914a4b02692) Importer(815301076,1909f56bfc062723c751e8b465ee728b)  -> (artifact id: 'b6f00e5604db85ab246fb3d3265368a0') in 0.014038 seconds 
========================================================================
Received Import Request.
  Time since last request: 51.378392 seconds.
  path: Assets/StarterAssets/Mobile/Prefabs/CanvasInputs/UI_Canvas_StarterAssetsInputs_Joysticks.prefab
  artifactKey: Guid(2f7f3dde7ae722a4aafffe20691ad702) Importer(815301076,1909f56bfc062723c751e8b465ee728b)
Start importing Assets/StarterAssets/Mobile/Prefabs/CanvasInputs/UI_Canvas_StarterAssetsInputs_Joysticks.prefab using Guid(2f7f3dde7ae722a4aafffe20691ad702) Importer(815301076,1909f56bfc062723c751e8b465ee728b)  -> (artifact id: '3c738223326dae17dc75b7b8951eaecf') in 0.052739 seconds 
========================================================================
Received Import Request.
  Time since last request: 0.000161 seconds.
  path: Assets/StarterAssets/Mobile/Prefabs/VirtualInputs/UI_Virtual_Button.prefab
  artifactKey: Guid(9e55d9b4642484f41be20c69a9b48063) Importer(815301076,1909f56bfc062723c751e8b465ee728b)
Start importing Assets/StarterAssets/Mobile/Prefabs/VirtualInputs/UI_Virtual_Button.prefab using Guid(9e55d9b4642484f41be20c69a9b48063) Importer(815301076,1909f56bfc062723c751e8b465ee728b)  -> (artifact id: '4bc7151734c478d58c3aeee337acddfa') in 0.010265 seconds 
========================================================================
Received Import Request.
  Time since last request: 0.000123 seconds.
  path: Assets/StarterAssets/Mobile/Prefabs/VirtualInputs/UI_Virtual_Joystick.prefab
  artifactKey: Guid(6eb08bfc0fd869c47b796c42ada099da) Importer(815301076,1909f56bfc062723c751e8b465ee728b)
Start importing Assets/StarterAssets/Mobile/Prefabs/VirtualInputs/UI_Virtual_Joystick.prefab using Guid(6eb08bfc0fd869c47b796c42ada099da) Importer(815301076,1909f56bfc062723c751e8b465ee728b)  -> (artifact id: '3399e8f9dcfc26e04ff0929d0ff6ca80') in 0.010575 seconds 
========================================================================
Received Import Request.
  Time since last request: 0.000118 seconds.
  path: Assets/StarterAssets/Mobile/Prefabs/VirtualInputs/UI_Virtual_TouchZone.prefab
  artifactKey: Guid(c82978c3789dad44da354dc354c782b2) Importer(815301076,1909f56bfc062723c751e8b465ee728b)
Start importing Assets/StarterAssets/Mobile/Prefabs/VirtualInputs/UI_Virtual_TouchZone.prefab using Guid(c82978c3789dad44da354dc354c782b2) Importer(815301076,1909f56bfc062723c751e8b465ee728b)  -> (artifact id: 'aac0932da6859c94dc0be09a1522717c') in 0.010360 seconds 
========================================================================
Received Import Request.
  Time since last request: 0.000133 seconds.
  path: Assets/StarterAssets/Mobile/Prefabs/EventSystem/UI_EventSystem.prefab
  artifactKey: Guid(f0271df749728104eac22c3d897fd8ce) Importer(815301076,1909f56bfc062723c751e8b465ee728b)
Start importing Assets/StarterAssets/Mobile/Prefabs/EventSystem/UI_EventSystem.prefab using Guid(f0271df749728104eac22c3d897fd8ce) Importer(815301076,1909f56bfc062723c751e8b465ee728b)  -> (artifact id: '963b61d9e94bc817e7c59b35d33675a5') in 0.021034 seconds 
========================================================================
Received Import Request.
  Time since last request: 0.000121 seconds.
  path: Assets/StarterAssets/Mobile/Prefabs/CanvasInputs/UI_Canvas_StarterAssetsInputs_TouchZones.prefab
  artifactKey: Guid(7484ce6f8ca3d81408c606b5ae8b9ff3) Importer(815301076,1909f56bfc062723c751e8b465ee728b)
Start importing Assets/StarterAssets/Mobile/Prefabs/CanvasInputs/UI_Canvas_StarterAssetsInputs_TouchZones.prefab using Guid(7484ce6f8ca3d81408c606b5ae8b9ff3) Importer(815301076,1909f56bfc062723c751e8b465ee728b)  -> (artifact id: 'd908c15238539c905891e3f0f10248d5') in 0.009999 seconds 
AssetImportWorkerClient::OnTransportError - code=2 error=End of file
