Using pre-set license
Built from '2020.3/staging' branch; Version is '2020.3.33f1 (915a7af8b0d5) revision 9525882'; Using compiler version '192528614'; Build Type 'Release'
OS: 'Windows 11  (10.0.22000) 64bit Core' Language: 'en' Physical Memory: 15776 MB
BatchMode: 1, IsHumanControllingUs: 0, StartBugReporterOnCrash: 0, Is64bit: 1, IsPro: 0

COMMAND LINE ARGUMENTS:
C:\Program Files\Unity\Hub\Editor\2020.3.33f1\Editor\Unity.exe
-adb2
-batchMode
-noUpm
-name
AssetImportWorker0
-projectPath
C:/Delay-the-Darkness/Delay the death - Copy
-logFile
Logs/AssetImportWorker0.log
-srvPort
50482
Successfully changed project path to: C:/Delay-the-Darkness/Delay the death - Copy
C:/Delay-the-Darkness/Delay the death - Copy
Using Asset Import Pipeline V2.
Refreshing native plugins compatible for Editor in 27.24 ms, found 2 plugins.
Preloading 0 native plugins for Editor in 0.00 ms.
Initialize engine version: 2020.3.33f1 (915a7af8b0d5)
[Subsystems] Discovering subsystems at path C:/Program Files/Unity/Hub/Editor/2020.3.33f1/Editor/Data/Resources/UnitySubsystems
[Subsystems] Discovering subsystems at path C:/Delay-the-Darkness/Delay the death - Copy/Assets
GfxDevice: creating device client; threaded=0
Direct3D:
    Version:  Direct3D 11.0 [level 11.1]
    Renderer: NVIDIA GeForce RTX 3050 Ti Laptop GPU (ID=0x25a0)
    Vendor:   
    VRAM:     3990 MB
    Driver:   30.0.15.1295
Initialize mono
Mono path[0] = 'C:/Program Files/Unity/Hub/Editor/2020.3.33f1/Editor/Data/Managed'
Mono path[1] = 'C:/Program Files/Unity/Hub/Editor/2020.3.33f1/Editor/Data/MonoBleedingEdge/lib/mono/unityjit'
Mono config path = 'C:/Program Files/Unity/Hub/Editor/2020.3.33f1/Editor/Data/MonoBleedingEdge/etc'
Using monoOptions --debugger-agent=transport=dt_socket,embedding=1,server=y,suspend=n,address=127.0.0.1:56084
Begin MonoManager ReloadAssembly
Registering precompiled unity dll's ...
Register platform support module: C:/Program Files/Unity/Hub/Editor/2020.3.33f1/Editor/Data/PlaybackEngines/WebGLSupport/UnityEditor.WebGL.Extensions.dll
Register platform support module: C:/Program Files/Unity/Hub/Editor/2020.3.33f1/Editor/Data/PlaybackEngines/WindowsStandaloneSupport/UnityEditor.WindowsStandalone.Extensions.dll
Registered in 0.001596 seconds.
Native extension for WindowsStandalone target not found
Native extension for WebGL target not found
Refreshing native plugins compatible for Editor in 23.58 ms, found 2 plugins.
Preloading 0 native plugins for Editor in 0.00 ms.
Mono: successfully reloaded assembly
- Completed reload, in  0.487 seconds
Domain Reload Profiling:
	ReloadAssembly (487ms)
		BeginReloadAssembly (55ms)
			ExecutionOrderSort (0ms)
			DisableScriptedObjects (0ms)
			BackupInstance (0ms)
			ReleaseScriptingObjects (0ms)
			CreateAndSetChildDomain (1ms)
		EndReloadAssembly (370ms)
			LoadAssemblies (54ms)
			RebuildTransferFunctionScriptingTraits (0ms)
			SetupTypeCache (117ms)
			ReleaseScriptCaches (0ms)
			RebuildScriptCaches (21ms)
			SetupLoadedEditorAssemblies (135ms)
				LogAssemblyErrors (0ms)
				InitializePlatformSupportModulesInManaged (4ms)
				SetLoadedEditorAssemblies (0ms)
				RefreshPlugins (24ms)
				BeforeProcessingInitializeOnLoad (11ms)
				ProcessInitializeOnLoadAttributes (70ms)
				ProcessInitializeOnLoadMethodAttributes (25ms)
				AfterProcessingInitializeOnLoad (0ms)
				EditorAssembliesLoaded (0ms)
			ExecutionOrderSort2 (0ms)
			AwakeInstancesAfterBackupRestoration (0ms)
Platform modules already initialized, skipping
Registering precompiled user dll's ...
Registered in 0.002271 seconds.
Begin MonoManager ReloadAssembly
Symbol file LoadedFromMemory doesn't match image C:\Delay-the-Darkness\Delay the death - Copy\Library\PackageCache\com.unity.collab-proxy@1.15.15\Lib\Editor\PlasticSCM\unityplastic.dll
Native extension for WindowsStandalone target not found
Native extension for WebGL target not found
Refreshing native plugins compatible for Editor in 0.40 ms, found 2 plugins.
Preloading 0 native plugins for Editor in 0.00 ms.
Mono: successfully reloaded assembly
- Completed reload, in  0.868 seconds
Domain Reload Profiling:
	ReloadAssembly (868ms)
		BeginReloadAssembly (121ms)
			ExecutionOrderSort (0ms)
			DisableScriptedObjects (4ms)
			BackupInstance (0ms)
			ReleaseScriptingObjects (0ms)
			CreateAndSetChildDomain (17ms)
		EndReloadAssembly (695ms)
			LoadAssemblies (91ms)
			RebuildTransferFunctionScriptingTraits (0ms)
			SetupTypeCache (236ms)
			ReleaseScriptCaches (0ms)
			RebuildScriptCaches (35ms)
			SetupLoadedEditorAssemblies (269ms)
				LogAssemblyErrors (0ms)
				InitializePlatformSupportModulesInManaged (6ms)
				SetLoadedEditorAssemblies (0ms)
				RefreshPlugins (0ms)
				BeforeProcessingInitializeOnLoad (69ms)
				ProcessInitializeOnLoadAttributes (179ms)
				ProcessInitializeOnLoadMethodAttributes (10ms)
				AfterProcessingInitializeOnLoad (4ms)
				EditorAssembliesLoaded (0ms)
			ExecutionOrderSort2 (0ms)
			AwakeInstancesAfterBackupRestoration (5ms)
Platform modules already initialized, skipping
========================================================================
Worker process is ready to serve import requests
Launched and connected shader compiler UnityShaderCompiler.exe after 0.04 seconds
Refreshing native plugins compatible for Editor in 0.33 ms, found 2 plugins.
Preloading 0 native plugins for Editor in 0.00 ms.
Unloading 1513 Unused Serialized files (Serialized files now loaded: 0)
System memory in use before: 141.4 MB.
System memory in use after: 141.4 MB.

Unloading 16 unused Assets to reduce memory usage. Loaded Objects now: 1953.
Total: 2.818200 ms (FindLiveObjects: 0.172700 ms CreateObjectMapping: 0.083500 ms MarkObjects: 2.495500 ms  DeleteObjects: 0.065500 ms)

AssetImportParameters requested are different than current active one (requested -> active):
  custom:framework-win-MediaFoundation: 216162199b28c13a410421893ffa2e32 -> 
  custom:video-decoder-ogg-theora: a1e56fd34408186e4bbccfd4996cb3dc -> 
  custom:container-muxer-webm: aa71ff27fc2769a1b78a27578f13a17b -> 
  custom:container-demuxer-webm: 4f35f7cbe854078d1ac9338744f61a02 -> 
  custom:container-demuxer-ogg: 62fdf1f143b41e24485cea50d1cbac27 -> 
  custom:video-encoder-webm-vp8: eb34c28f22e8b96e1ab97ce403110664 -> 
  custom:video-codec-MediaFoundation-h265: 746d11721c4dcdbdad8f713fa42b33f4 -> 
  custom:video-decoder-webm-vp8: 9c59270c3fd7afecdb556c50c9e8de78 -> 
  custom:audio-decoder-ogg-vorbis: bf7c407c2cedff20999df2af8eb42d56 -> 
  custom:audio-encoder-webm-vorbis: bf7c407c2cedff20999df2af8eb42d56 -> 
========================================================================
Received Import Request.
  path: Assets/castle 2.fbx
  artifactKey: Guid(bd92dde378451dd40a321b14b0aed93c) Importer(815301076,1909f56bfc062723c751e8b465ee728b)
Start importing Assets/castle 2.fbx using Guid(bd92dde378451dd40a321b14b0aed93c) Importer(815301076,1909f56bfc062723c751e8b465ee728b)  -> (artifact id: '5ec461a4de8f467330db43f2559c9d38') in 3.088539 seconds 
========================================================================
Received Import Request.
  Time since last request: 56.951560 seconds.
  path: Assets/castle 2.fbx
  artifactKey: Guid(bd92dde378451dd40a321b14b0aed93c) Importer(815301076,1909f56bfc062723c751e8b465ee728b)
Start importing Assets/castle 2.fbx using Guid(bd92dde378451dd40a321b14b0aed93c) Importer(815301076,1909f56bfc062723c751e8b465ee728b)  -> (artifact id: 'f9b2b555951c5557245325e331164858') in 2.971092 seconds 
========================================================================
Received Import Request.
  Time since last request: 81.347923 seconds.
  path: Assets/chest.mat
  artifactKey: Guid(0c3477f9e08e4404fafe3956c2036172) Importer(815301076,1909f56bfc062723c751e8b465ee728b)
Start importing Assets/chest.mat using Guid(0c3477f9e08e4404fafe3956c2036172) Importer(815301076,1909f56bfc062723c751e8b465ee728b)  -> (artifact id: '8a74ec1807d89fa5570da35cf269558c') in 0.022138 seconds 
========================================================================
Received Import Request.
  Time since last request: 0.000121 seconds.
  path: Assets/stuff.001.mat
  artifactKey: Guid(3b4b7cfb0eb5d0a47ba24c4f8ab02813) Importer(815301076,1909f56bfc062723c751e8b465ee728b)
Start importing Assets/stuff.001.mat using Guid(3b4b7cfb0eb5d0a47ba24c4f8ab02813) Importer(815301076,1909f56bfc062723c751e8b465ee728b)  -> (artifact id: '081d8fea7b5d8ee42b95dd7636aa7e83') in 0.018096 seconds 
========================================================================
Received Import Request.
  Time since last request: 0.000160 seconds.
  path: Assets/stool.mat
  artifactKey: Guid(79df3585afde7e04691c44385b5f37fb) Importer(815301076,1909f56bfc062723c751e8b465ee728b)
Start importing Assets/stool.mat using Guid(79df3585afde7e04691c44385b5f37fb) Importer(815301076,1909f56bfc062723c751e8b465ee728b)  -> (artifact id: 'a37c6ff15ab1a772cbd2c6200ed93ae4') in 0.012327 seconds 
========================================================================
Received Import Request.
  Time since last request: 0.000148 seconds.
  path: Assets/walls.mat
  artifactKey: Guid(b8e4a86d6a04e8948a09f6db5105674f) Importer(815301076,1909f56bfc062723c751e8b465ee728b)
Start importing Assets/walls.mat using Guid(b8e4a86d6a04e8948a09f6db5105674f) Importer(815301076,1909f56bfc062723c751e8b465ee728b)  -> (artifact id: '4f04ceff22ceba16c8e372d7ccb54219') in 0.010986 seconds 
========================================================================
Received Import Request.
  Time since last request: 0.000121 seconds.
  path: Assets/columns.001.mat
  artifactKey: Guid(65009804fb80cd54dbc78a2de45f793f) Importer(815301076,1909f56bfc062723c751e8b465ee728b)
Start importing Assets/columns.001.mat using Guid(65009804fb80cd54dbc78a2de45f793f) Importer(815301076,1909f56bfc062723c751e8b465ee728b)  -> (artifact id: '1af25ab24f004f0ea1a10a4329bd19da') in 0.010648 seconds 
========================================================================
Received Import Request.
  Time since last request: 0.000175 seconds.
  path: Assets/columns.mat
  artifactKey: Guid(c5da4407390af814e9abec72d222a82c) Importer(815301076,1909f56bfc062723c751e8b465ee728b)
Start importing Assets/columns.mat using Guid(c5da4407390af814e9abec72d222a82c) Importer(815301076,1909f56bfc062723c751e8b465ee728b)  -> (artifact id: 'cce7f4ac39d2d1dd19d89a0c97fe8590') in 0.010550 seconds 
========================================================================
Received Import Request.
  Time since last request: 0.000125 seconds.
  path: Assets/stuff.mat
  artifactKey: Guid(1d5b065bdb9d634458ca30548bade22d) Importer(815301076,1909f56bfc062723c751e8b465ee728b)
Start importing Assets/stuff.mat using Guid(1d5b065bdb9d634458ca30548bade22d) Importer(815301076,1909f56bfc062723c751e8b465ee728b)  -> (artifact id: 'c80ad9251fd147594a807b64a9a4f1db') in 0.018020 seconds 
========================================================================
Received Import Request.
  Time since last request: 0.000130 seconds.
  path: Assets/coin.mat
  artifactKey: Guid(ba93a4a766b5b8647885453701bc23df) Importer(815301076,1909f56bfc062723c751e8b465ee728b)
Start importing Assets/coin.mat using Guid(ba93a4a766b5b8647885453701bc23df) Importer(815301076,1909f56bfc062723c751e8b465ee728b)  -> (artifact id: 'dcd37bd4efc7e36d5166cdbff591ab12') in 0.011749 seconds 
========================================================================
Received Import Request.
  Time since last request: 0.000142 seconds.
  path: Assets/glass.mat
  artifactKey: Guid(e32f7abeb315f6844aa05ddec2a109cd) Importer(815301076,1909f56bfc062723c751e8b465ee728b)
Start importing Assets/glass.mat using Guid(e32f7abeb315f6844aa05ddec2a109cd) Importer(815301076,1909f56bfc062723c751e8b465ee728b)  -> (artifact id: '136215f98a90457e184db0f7e0239bc6') in 0.010847 seconds 
========================================================================
Received Import Request.
  Time since last request: 0.000134 seconds.
  path: Assets/stone_decorations.mat
  artifactKey: Guid(fdc8c41d05abf9740a39f3156fc6f69a) Importer(815301076,1909f56bfc062723c751e8b465ee728b)
Start importing Assets/stone_decorations.mat using Guid(fdc8c41d05abf9740a39f3156fc6f69a) Importer(815301076,1909f56bfc062723c751e8b465ee728b)  -> (artifact id: '157ec7cfccab9dfe0c0546de2259eb56') in 0.010015 seconds 
========================================================================
Received Import Request.
  Time since last request: 0.000226 seconds.
  path: Assets/sword.mat
  artifactKey: Guid(e66e9b2e7a6f3114f90e536d72b8c979) Importer(815301076,1909f56bfc062723c751e8b465ee728b)
Start importing Assets/sword.mat using Guid(e66e9b2e7a6f3114f90e536d72b8c979) Importer(815301076,1909f56bfc062723c751e8b465ee728b)  -> (artifact id: '332e4f8d9d3dda05d2b018619be6888c') in 0.011656 seconds 
========================================================================
Received Import Request.
  Time since last request: 0.000122 seconds.
  path: Assets/stone_decorations.001.mat
  artifactKey: Guid(4da46e5bb51129644a66a0cf8182a14b) Importer(815301076,1909f56bfc062723c751e8b465ee728b)
Start importing Assets/stone_decorations.001.mat using Guid(4da46e5bb51129644a66a0cf8182a14b) Importer(815301076,1909f56bfc062723c751e8b465ee728b)  -> (artifact id: '7fcaf49473587009f668d550d3583889') in 0.010897 seconds 
========================================================================
Received Import Request.
  Time since last request: 0.000150 seconds.
  path: Assets/walls.001.mat
  artifactKey: Guid(0d476237d7eb85b459bcee60b8d57c88) Importer(815301076,1909f56bfc062723c751e8b465ee728b)
Start importing Assets/walls.001.mat using Guid(0d476237d7eb85b459bcee60b8d57c88) Importer(815301076,1909f56bfc062723c751e8b465ee728b)  -> (artifact id: 'd23fff81fc7b71459dfeb79b7dfe5220') in 0.011480 seconds 
========================================================================
Received Import Request.
  Time since last request: 0.000149 seconds.
  path: Assets/table.mat
  artifactKey: Guid(fb3d067aab3be0d41bcb1a94d99f06c9) Importer(815301076,1909f56bfc062723c751e8b465ee728b)
Start importing Assets/table.mat using Guid(fb3d067aab3be0d41bcb1a94d99f06c9) Importer(815301076,1909f56bfc062723c751e8b465ee728b)  -> (artifact id: 'bd05378fb9410593cfbca0843d48dd91') in 0.010320 seconds 
========================================================================
Received Import Request.
  Time since last request: 10.502439 seconds.
  path: Assets/barrel.mat
  artifactKey: Guid(8004d27dc4471cb43b79e8fc4046c1b4) Importer(815301076,1909f56bfc062723c751e8b465ee728b)
Start importing Assets/barrel.mat using Guid(8004d27dc4471cb43b79e8fc4046c1b4) Importer(815301076,1909f56bfc062723c751e8b465ee728b)  -> (artifact id: '8ed8769b11f3a71339f4ce94c996e4a0') in 0.013382 seconds 
========================================================================
Received Import Request.
  Time since last request: 0.000133 seconds.
  path: Assets/base.mat
  artifactKey: Guid(77ed143886d76ce4181e3e4472df6d16) Importer(815301076,1909f56bfc062723c751e8b465ee728b)
Start importing Assets/base.mat using Guid(77ed143886d76ce4181e3e4472df6d16) Importer(815301076,1909f56bfc062723c751e8b465ee728b)  -> (artifact id: 'f4905547faa94fa7a72b1c8b35066067') in 0.014303 seconds 
========================================================================
Received Import Request.
  Time since last request: 0.000156 seconds.
  path: Assets/box.mat
  artifactKey: Guid(9bed439bb7ac4de42bfaaa3c43cf9aa0) Importer(815301076,1909f56bfc062723c751e8b465ee728b)
Start importing Assets/box.mat using Guid(9bed439bb7ac4de42bfaaa3c43cf9aa0) Importer(815301076,1909f56bfc062723c751e8b465ee728b)  -> (artifact id: 'ecf4089594ea4afd394b22e4d4c74527') in 0.014009 seconds 
========================================================================
Received Import Request.
  Time since last request: 7.484284 seconds.
  path: Assets/barrel 1.mat
  artifactKey: Guid(c2862a920cc45ef4ba086e5aacaabc69) Importer(815301076,1909f56bfc062723c751e8b465ee728b)
Start importing Assets/barrel 1.mat using Guid(c2862a920cc45ef4ba086e5aacaabc69) Importer(815301076,1909f56bfc062723c751e8b465ee728b)  -> (artifact id: '7fdf21fbdc4650b207ea99e7d979855b') in 0.012745 seconds 
========================================================================
Received Import Request.
  Time since last request: 0.000159 seconds.
  path: Assets/base 1.mat
  artifactKey: Guid(7a6257fc3e336dd4f9298770e2d3925e) Importer(815301076,1909f56bfc062723c751e8b465ee728b)
Start importing Assets/base 1.mat using Guid(7a6257fc3e336dd4f9298770e2d3925e) Importer(815301076,1909f56bfc062723c751e8b465ee728b)  -> (artifact id: 'a7dcd25a086726071ff33edeb1ac05f1') in 0.010668 seconds 
========================================================================
Received Import Request.
  Time since last request: 0.000155 seconds.
  path: Assets/box 1.mat
  artifactKey: Guid(2e594b33f5a5072488c3ffb7a1963d2e) Importer(815301076,1909f56bfc062723c751e8b465ee728b)
Start importing Assets/box 1.mat using Guid(2e594b33f5a5072488c3ffb7a1963d2e) Importer(815301076,1909f56bfc062723c751e8b465ee728b)  -> (artifact id: 'cb6dd8651356c27e0c6733c665f1e6e7') in 0.014861 seconds 
========================================================================
Received Import Request.
  Time since last request: 0.000173 seconds.
  path: Assets/chest 1.mat
  artifactKey: Guid(b2227300fa9e1d64d930f7c43bddbe2a) Importer(815301076,1909f56bfc062723c751e8b465ee728b)
Start importing Assets/chest 1.mat using Guid(b2227300fa9e1d64d930f7c43bddbe2a) Importer(815301076,1909f56bfc062723c751e8b465ee728b)  -> (artifact id: 'c04398281d39039e7b3eebcd39779f69') in 0.012264 seconds 
========================================================================
Received Import Request.
  Time since last request: 0.000119 seconds.
  path: Assets/coin 1.mat
  artifactKey: Guid(3ad11dd48fd9a1b458dc1b88f60ea100) Importer(815301076,1909f56bfc062723c751e8b465ee728b)
Start importing Assets/coin 1.mat using Guid(3ad11dd48fd9a1b458dc1b88f60ea100) Importer(815301076,1909f56bfc062723c751e8b465ee728b)  -> (artifact id: '8a513f5692d018c32f5ca1bcaefe5b51') in 0.011971 seconds 
========================================================================
Received Import Request.
  Time since last request: 59.599292 seconds.
  path: Assets/castle
  artifactKey: Guid(638e449e8c4f5824088b5d49619e2083) Importer(815301076,1909f56bfc062723c751e8b465ee728b)
Start importing Assets/castle using Guid(638e449e8c4f5824088b5d49619e2083) Importer(815301076,1909f56bfc062723c751e8b465ee728b)  -> (artifact id: '32ad5614d4b3666d1c063319f3e4186b') in 0.006273 seconds 
========================================================================
Received Import Request.
  Time since last request: 32.263213 seconds.
  path: Assets/Materials/Pavement material/TexturesCom_Rock_Cliff3_2x2_512_normal.tif
  artifactKey: Guid(bd0d2a94f1d84c2459e5b550a00bef3e) Importer(815301076,1909f56bfc062723c751e8b465ee728b)
Start importing Assets/Materials/Pavement material/TexturesCom_Rock_Cliff3_2x2_512_normal.tif using Guid(bd0d2a94f1d84c2459e5b550a00bef3e) Importer(815301076,1909f56bfc062723c751e8b465ee728b)  -> (artifact id: '1120fadf776dbac601f0c950ad53850d') in 0.022600 seconds 
========================================================================
Received Import Request.
  Time since last request: 1598.264221 seconds.
  path: Assets/castle/barrel.mat
  artifactKey: Guid(8004d27dc4471cb43b79e8fc4046c1b4) Importer(815301076,1909f56bfc062723c751e8b465ee728b)
Start importing Assets/castle/barrel.mat using Guid(8004d27dc4471cb43b79e8fc4046c1b4) Importer(815301076,1909f56bfc062723c751e8b465ee728b)  -> (artifact id: '1e2397aadc02a5f42195d8806ab6dff0') in 0.062049 seconds 
========================================================================
Received Import Request.
  Time since last request: 0.000172 seconds.
  path: Assets/castle/base.mat
  artifactKey: Guid(77ed143886d76ce4181e3e4472df6d16) Importer(815301076,1909f56bfc062723c751e8b465ee728b)
Start importing Assets/castle/base.mat using Guid(77ed143886d76ce4181e3e4472df6d16) Importer(815301076,1909f56bfc062723c751e8b465ee728b)  -> (artifact id: '7924944f211c99dc7fdfbaf4723a69d4') in 0.018190 seconds 
========================================================================
Received Import Request.
  Time since last request: 0.000132 seconds.
  path: Assets/castle/stool.mat
  artifactKey: Guid(79df3585afde7e04691c44385b5f37fb) Importer(815301076,1909f56bfc062723c751e8b465ee728b)
Start importing Assets/castle/stool.mat using Guid(79df3585afde7e04691c44385b5f37fb) Importer(815301076,1909f56bfc062723c751e8b465ee728b)  -> (artifact id: '6a30564642a4148da9fdab397ed35158') in 0.020409 seconds 
========================================================================
Received Import Request.
  Time since last request: 0.000187 seconds.
  path: Assets/castle/walls.mat
  artifactKey: Guid(b8e4a86d6a04e8948a09f6db5105674f) Importer(815301076,1909f56bfc062723c751e8b465ee728b)
Start importing Assets/castle/walls.mat using Guid(b8e4a86d6a04e8948a09f6db5105674f) Importer(815301076,1909f56bfc062723c751e8b465ee728b)  -> (artifact id: 'ce1bac1a09b5652f1cf2cedf54cd943b') in 0.028565 seconds 
========================================================================
Received Import Request.
  Time since last request: 0.000124 seconds.
  path: Assets/castle/columns.mat
  artifactKey: Guid(c5da4407390af814e9abec72d222a82c) Importer(815301076,1909f56bfc062723c751e8b465ee728b)
Start importing Assets/castle/columns.mat using Guid(c5da4407390af814e9abec72d222a82c) Importer(815301076,1909f56bfc062723c751e8b465ee728b)  -> (artifact id: 'f403128daa19d68e5d5567493a551d43') in 0.020690 seconds 
========================================================================
Received Import Request.
  Time since last request: 0.000208 seconds.
  path: Assets/castle/stuff.mat
  artifactKey: Guid(1d5b065bdb9d634458ca30548bade22d) Importer(815301076,1909f56bfc062723c751e8b465ee728b)
Start importing Assets/castle/stuff.mat using Guid(1d5b065bdb9d634458ca30548bade22d) Importer(815301076,1909f56bfc062723c751e8b465ee728b)  -> (artifact id: '06dedc4cf7b093699a76030027121de6') in 0.032419 seconds 
========================================================================
Received Import Request.
  Time since last request: 0.000157 seconds.
  path: Assets/castle/coin.mat
  artifactKey: Guid(ba93a4a766b5b8647885453701bc23df) Importer(815301076,1909f56bfc062723c751e8b465ee728b)
Start importing Assets/castle/coin.mat using Guid(ba93a4a766b5b8647885453701bc23df) Importer(815301076,1909f56bfc062723c751e8b465ee728b)  -> (artifact id: '6c6fb16f45f6fdd907b65dd9b3edb554') in 0.023688 seconds 
========================================================================
Received Import Request.
  Time since last request: 0.000172 seconds.
  path: Assets/castle/glass.mat
  artifactKey: Guid(e32f7abeb315f6844aa05ddec2a109cd) Importer(815301076,1909f56bfc062723c751e8b465ee728b)
Start importing Assets/castle/glass.mat using Guid(e32f7abeb315f6844aa05ddec2a109cd) Importer(815301076,1909f56bfc062723c751e8b465ee728b)  -> (artifact id: 'e13e3a4a4818ef9403d56cab25bb04aa') in 0.028130 seconds 
========================================================================
Received Import Request.
  Time since last request: 0.000118 seconds.
  path: Assets/castle/stone_decorations.mat
  artifactKey: Guid(fdc8c41d05abf9740a39f3156fc6f69a) Importer(815301076,1909f56bfc062723c751e8b465ee728b)
Start importing Assets/castle/stone_decorations.mat using Guid(fdc8c41d05abf9740a39f3156fc6f69a) Importer(815301076,1909f56bfc062723c751e8b465ee728b)  -> (artifact id: '85ee31e089a6ce95abf5054b8ed938c5') in 0.018435 seconds 
========================================================================
Received Import Request.
  Time since last request: 0.000111 seconds.
  path: Assets/castle/sword.mat
  artifactKey: Guid(e66e9b2e7a6f3114f90e536d72b8c979) Importer(815301076,1909f56bfc062723c751e8b465ee728b)
Start importing Assets/castle/sword.mat using Guid(e66e9b2e7a6f3114f90e536d72b8c979) Importer(815301076,1909f56bfc062723c751e8b465ee728b)  -> (artifact id: 'cd99a17394b06b4db386de6bcf45bdec') in 0.024142 seconds 
========================================================================
Received Import Request.
  Time since last request: 0.000138 seconds.
  path: Assets/castle/chest.mat
  artifactKey: Guid(0c3477f9e08e4404fafe3956c2036172) Importer(815301076,1909f56bfc062723c751e8b465ee728b)
Start importing Assets/castle/chest.mat using Guid(0c3477f9e08e4404fafe3956c2036172) Importer(815301076,1909f56bfc062723c751e8b465ee728b)  -> (artifact id: '859e16b2268213dc62d6e4e792197578') in 0.017906 seconds 
========================================================================
Received Import Request.
  Time since last request: 0.000122 seconds.
  path: Assets/castle/box.mat
  artifactKey: Guid(9bed439bb7ac4de42bfaaa3c43cf9aa0) Importer(815301076,1909f56bfc062723c751e8b465ee728b)
Start importing Assets/castle/box.mat using Guid(9bed439bb7ac4de42bfaaa3c43cf9aa0) Importer(815301076,1909f56bfc062723c751e8b465ee728b)  -> (artifact id: '05987073fababcc79ee9f726171d6569') in 0.017402 seconds 
========================================================================
Received Import Request.
  Time since last request: 518.094984 seconds.
  path: Assets/castle/base.mat
  artifactKey: Guid(77ed143886d76ce4181e3e4472df6d16) Importer(815301076,1909f56bfc062723c751e8b465ee728b)
Start importing Assets/castle/base.mat using Guid(77ed143886d76ce4181e3e4472df6d16) Importer(815301076,1909f56bfc062723c751e8b465ee728b)  -> (artifact id: 'd05d3d6c8b09f35b571142789e7d6a90') in 0.013841 seconds 
========================================================================
Received Import Request.
  Time since last request: 0.000116 seconds.
  path: Assets/castle/table.mat
  artifactKey: Guid(fb3d067aab3be0d41bcb1a94d99f06c9) Importer(815301076,1909f56bfc062723c751e8b465ee728b)
Start importing Assets/castle/table.mat using Guid(fb3d067aab3be0d41bcb1a94d99f06c9) Importer(815301076,1909f56bfc062723c751e8b465ee728b)  -> (artifact id: '665b51c94468d71399a863196fa053fa') in 0.026077 seconds 
========================================================================
Received Prepare
Registering precompiled user dll's ...
Registered in 0.002228 seconds.
Begin MonoManager ReloadAssembly
Symbol file LoadedFromMemory doesn't match image C:\Delay-the-Darkness\Delay the death - Copy\Library\PackageCache\com.unity.collab-proxy@1.15.15\Lib\Editor\PlasticSCM\unityplastic.dll
Native extension for WindowsStandalone target not found
Native extension for WebGL target not found
Refreshing native plugins compatible for Editor in 0.39 ms, found 2 plugins.
Preloading 0 native plugins for Editor in 0.00 ms.
Mono: successfully reloaded assembly
- Completed reload, in  0.786 seconds
Domain Reload Profiling:
	ReloadAssembly (787ms)
		BeginReloadAssembly (136ms)
			ExecutionOrderSort (0ms)
			DisableScriptedObjects (6ms)
			BackupInstance (0ms)
			ReleaseScriptingObjects (0ms)
			CreateAndSetChildDomain (49ms)
		EndReloadAssembly (601ms)
			LoadAssemblies (90ms)
			RebuildTransferFunctionScriptingTraits (0ms)
			SetupTypeCache (200ms)
			ReleaseScriptCaches (1ms)
			RebuildScriptCaches (28ms)
			SetupLoadedEditorAssemblies (229ms)
				LogAssemblyErrors (0ms)
				InitializePlatformSupportModulesInManaged (5ms)
				SetLoadedEditorAssemblies (1ms)
				RefreshPlugins (0ms)
				BeforeProcessingInitializeOnLoad (61ms)
				ProcessInitializeOnLoadAttributes (150ms)
				ProcessInitializeOnLoadMethodAttributes (7ms)
				AfterProcessingInitializeOnLoad (4ms)
				EditorAssembliesLoaded (0ms)
			ExecutionOrderSort2 (0ms)
			AwakeInstancesAfterBackupRestoration (5ms)
Platform modules already initialized, skipping
Refreshing native plugins compatible for Editor in 0.32 ms, found 2 plugins.
Preloading 0 native plugins for Editor in 0.00 ms.
Unloading 1507 Unused Serialized files (Serialized files now loaded: 0)
System memory in use before: 148.0 MB.
System memory in use after: 148.1 MB.

Unloading 11 unused Assets to reduce memory usage. Loaded Objects now: 2001.
Total: 2.471700 ms (FindLiveObjects: 0.123500 ms CreateObjectMapping: 0.036500 ms MarkObjects: 2.291800 ms  DeleteObjects: 0.019100 ms)

AssetImportParameters requested are different than current active one (requested -> active):
  custom:framework-win-MediaFoundation: 216162199b28c13a410421893ffa2e32 -> 
  custom:video-decoder-ogg-theora: a1e56fd34408186e4bbccfd4996cb3dc -> 
  custom:container-muxer-webm: aa71ff27fc2769a1b78a27578f13a17b -> 
  custom:container-demuxer-webm: 4f35f7cbe854078d1ac9338744f61a02 -> 
  custom:container-demuxer-ogg: 62fdf1f143b41e24485cea50d1cbac27 -> 
  custom:video-encoder-webm-vp8: eb34c28f22e8b96e1ab97ce403110664 -> 
  custom:video-codec-MediaFoundation-h265: 746d11721c4dcdbdad8f713fa42b33f4 -> 
  custom:video-decoder-webm-vp8: 9c59270c3fd7afecdb556c50c9e8de78 -> 
  custom:audio-decoder-ogg-vorbis: bf7c407c2cedff20999df2af8eb42d56 -> 
  custom:audio-encoder-webm-vorbis: bf7c407c2cedff20999df2af8eb42d56 -> 
AssetImportWorkerClient::OnTransportError - code=2 error=End of file
